{"D:\\ecotrack\\ecotrack-db-SAH\\microservices\\service-containers\\src\\app.js": {"path":"D:\\ecotrack\\ecotrack-db-SAH\\microservices\\service-containers\\src\\app.js","statementMap":{"0":{"start":{"line":1,"column":16},"end":{"line":1,"column":34}},"1":{"start":{"line":2,"column":13},"end":{"line":2,"column":28}},"2":{"start":{"line":3,"column":15},"end":{"line":3,"column":32}},"3":{"start":{"line":4,"column":15},"end":{"line":4,"column":41}},"4":{"start":{"line":5,"column":18},"end":{"line":5,"column":47}},"5":{"start":{"line":6,"column":20},"end":{"line":6,"column":47}},"6":{"start":{"line":7,"column":12},"end":{"line":7,"column":21}},"7":{"start":{"line":10,"column":0},"end":{"line":10,"column":24}},"8":{"start":{"line":11,"column":0},"end":{"line":11,"column":16}},"9":{"start":{"line":12,"column":0},"end":{"line":12,"column":68}},"10":{"start":{"line":15,"column":0},"end":{"line":19,"column":4}},"11":{"start":{"line":17,"column":24},"end":{"line":17,"column":51}},"12":{"start":{"line":22,"column":40},"end":{"line":22,"column":85}},"13":{"start":{"line":23,"column":0},"end":{"line":23,"column":33}},"14":{"start":{"line":24,"column":0},"end":{"line":24,"column":40}},"15":{"start":{"line":27,"column":0},"end":{"line":29,"column":3}},"16":{"start":{"line":28,"column":2},"end":{"line":28,"column":67}},"17":{"start":{"line":33,"column":19},"end":{"line":33,"column":56}},"18":{"start":{"line":34,"column":21},"end":{"line":34,"column":61}},"19":{"start":{"line":37,"column":0},"end":{"line":37,"column":33}},"20":{"start":{"line":38,"column":0},"end":{"line":38,"column":33}},"21":{"start":{"line":41,"column":25},"end":{"line":41,"column":69}},"22":{"start":{"line":42,"column":0},"end":{"line":42,"column":41}},"23":{"start":{"line":45,"column":0},"end":{"line":50,"column":3}},"24":{"start":{"line":46,"column":2},"end":{"line":46,"column":55}},"25":{"start":{"line":47,"column":2},"end":{"line":49,"column":5}},"26":{"start":{"line":52,"column":0},"end":{"line":52,"column":21}}},"fnMap":{"0":{"name":"(anonymous_0)","decl":{"start":{"line":17,"column":11},"end":{"line":17,"column":12}},"loc":{"start":{"line":17,"column":24},"end":{"line":17,"column":51}},"line":17},"1":{"name":"(anonymous_1)","decl":{"start":{"line":27,"column":17},"end":{"line":27,"column":18}},"loc":{"start":{"line":27,"column":31},"end":{"line":29,"column":1}},"line":27},"2":{"name":"(anonymous_2)","decl":{"start":{"line":45,"column":8},"end":{"line":45,"column":9}},"loc":{"start":{"line":45,"column":33},"end":{"line":50,"column":1}},"line":45}},"branchMap":{"0":{"loc":{"start":{"line":47,"column":13},"end":{"line":47,"column":30}},"type":"binary-expr","locations":[{"start":{"line":47,"column":13},"end":{"line":47,"column":23}},{"start":{"line":47,"column":27},"end":{"line":47,"column":30}}],"line":47},"1":{"loc":{"start":{"line":48,"column":11},"end":{"line":48,"column":53}},"type":"binary-expr","locations":[{"start":{"line":48,"column":11},"end":{"line":48,"column":22}},{"start":{"line":48,"column":26},"end":{"line":48,"column":53}}],"line":48}},"s":{"0":1,"1":1,"2":1,"3":1,"4":1,"5":1,"6":1,"7":1,"8":1,"9":1,"10":1,"11":7,"12":1,"13":1,"14":1,"15":1,"16":1,"17":1,"18":1,"19":1,"20":1,"21":1,"22":1,"23":1,"24":0,"25":0,"26":1},"f":{"0":7,"1":1,"2":0},"b":{"0":[0,0],"1":[0,0]},"_coverageSchema":"1a1c01bbd47fc00a2c39e90264f33305004495a9","hash":"1062e23325e5eb5b88e6bcde0db1d400b101cbbb"}
,"D:\\ecotrack\\ecotrack-db-SAH\\microservices\\service-containers\\src\\errors\\AppError.js": {"path":"D:\\ecotrack\\ecotrack-db-SAH\\microservices\\service-containers\\src\\errors\\AppError.js","statementMap":{"0":{"start":{"line":8,"column":4},"end":{"line":8,"column":19}},"1":{"start":{"line":9,"column":4},"end":{"line":9,"column":25}},"2":{"start":{"line":10,"column":4},"end":{"line":10,"column":38}},"3":{"start":{"line":17,"column":4},"end":{"line":17,"column":24}},"4":{"start":{"line":24,"column":4},"end":{"line":24,"column":24}},"5":{"start":{"line":31,"column":4},"end":{"line":31,"column":24}},"6":{"start":{"line":38,"column":4},"end":{"line":38,"column":24}},"7":{"start":{"line":42,"column":0},"end":{"line":48,"column":2}}},"fnMap":{"0":{"name":"(anonymous_0)","decl":{"start":{"line":7,"column":2},"end":{"line":7,"column":3}},"loc":{"start":{"line":7,"column":31},"end":{"line":11,"column":3}},"line":7},"1":{"name":"(anonymous_1)","decl":{"start":{"line":16,"column":2},"end":{"line":16,"column":3}},"loc":{"start":{"line":16,"column":49},"end":{"line":18,"column":3}},"line":16},"2":{"name":"(anonymous_2)","decl":{"start":{"line":23,"column":2},"end":{"line":23,"column":3}},"loc":{"start":{"line":23,"column":45},"end":{"line":25,"column":3}},"line":23},"3":{"name":"(anonymous_3)","decl":{"start":{"line":30,"column":2},"end":{"line":30,"column":3}},"loc":{"start":{"line":30,"column":43},"end":{"line":32,"column":3}},"line":30},"4":{"name":"(anonymous_4)","decl":{"start":{"line":37,"column":2},"end":{"line":37,"column":3}},"loc":{"start":{"line":37,"column":40},"end":{"line":39,"column":3}},"line":37}},"branchMap":{"0":{"loc":{"start":{"line":16,"column":14},"end":{"line":16,"column":47}},"type":"default-arg","locations":[{"start":{"line":16,"column":24},"end":{"line":16,"column":47}}],"line":16},"1":{"loc":{"start":{"line":23,"column":14},"end":{"line":23,"column":43}},"type":"default-arg","locations":[{"start":{"line":23,"column":24},"end":{"line":23,"column":43}}],"line":23},"2":{"loc":{"start":{"line":30,"column":14},"end":{"line":30,"column":41}},"type":"default-arg","locations":[{"start":{"line":30,"column":24},"end":{"line":30,"column":41}}],"line":30},"3":{"loc":{"start":{"line":37,"column":14},"end":{"line":37,"column":38}},"type":"default-arg","locations":[{"start":{"line":37,"column":24},"end":{"line":37,"column":38}}],"line":37}},"s":{"0":6,"1":6,"2":6,"3":2,"4":4,"5":0,"6":0,"7":2},"f":{"0":6,"1":2,"2":4,"3":0,"4":0},"b":{"0":[0],"1":[0],"2":[0],"3":[0]},"_coverageSchema":"1a1c01bbd47fc00a2c39e90264f33305004495a9","hash":"b5a9886c42177fe469e68862d7928884457a9701"}
,"D:\\ecotrack\\ecotrack-db-SAH\\microservices\\service-containers\\src\\middlewares\\auth.middleware.js": {"path":"D:\\ecotrack\\ecotrack-db-SAH\\microservices\\service-containers\\src\\middlewares\\auth.middleware.js","statementMap":{"0":{"start":{"line":1,"column":17},"end":{"line":1,"column":46}},"1":{"start":{"line":3,"column":0},"end":{"line":30,"column":2}},"2":{"start":{"line":4,"column":2},"end":{"line":29,"column":3}},"3":{"start":{"line":5,"column":23},"end":{"line":5,"column":48}},"4":{"start":{"line":7,"column":4},"end":{"line":9,"column":5}},"5":{"start":{"line":8,"column":6},"end":{"line":8,"column":63}},"6":{"start":{"line":11,"column":18},"end":{"line":11,"column":42}},"7":{"start":{"line":14,"column":28},"end":{"line":14,"column":62}},"8":{"start":{"line":15,"column":4},"end":{"line":17,"column":5}},"9":{"start":{"line":16,"column":6},"end":{"line":16,"column":63}},"10":{"start":{"line":20,"column":4},"end":{"line":23,"column":6}},"11":{"start":{"line":25,"column":4},"end":{"line":25,"column":11}},"12":{"start":{"line":27,"column":4},"end":{"line":27,"column":49}},"13":{"start":{"line":28,"column":4},"end":{"line":28,"column":64}}},"fnMap":{"0":{"name":"(anonymous_0)","decl":{"start":{"line":3,"column":17},"end":{"line":3,"column":18}},"loc":{"start":{"line":3,"column":43},"end":{"line":30,"column":1}},"line":3}},"branchMap":{"0":{"loc":{"start":{"line":7,"column":4},"end":{"line":9,"column":5}},"type":"if","locations":[{"start":{"line":7,"column":4},"end":{"line":9,"column":5}},{"start":{},"end":{}}],"line":7},"1":{"loc":{"start":{"line":7,"column":8},"end":{"line":7,"column":56}},"type":"binary-expr","locations":[{"start":{"line":7,"column":8},"end":{"line":7,"column":19}},{"start":{"line":7,"column":23},"end":{"line":7,"column":56}}],"line":7},"2":{"loc":{"start":{"line":15,"column":4},"end":{"line":17,"column":5}},"type":"if","locations":[{"start":{"line":15,"column":4},"end":{"line":17,"column":5}},{"start":{},"end":{}}],"line":15},"3":{"loc":{"start":{"line":15,"column":8},"end":{"line":15,"column":28}},"type":"binary-expr","locations":[{"start":{"line":15,"column":8},"end":{"line":15,"column":13}},{"start":{"line":15,"column":17},"end":{"line":15,"column":28}}],"line":15}},"s":{"0":1,"1":1,"2":3,"3":3,"4":3,"5":2,"6":1,"7":1,"8":1,"9":1,"10":0,"11":0,"12":0,"13":0},"f":{"0":3},"b":{"0":[2,1],"1":[3,1],"2":[1,0],"3":[1,0]},"_coverageSchema":"1a1c01bbd47fc00a2c39e90264f33305004495a9","hash":"cd018d94feb6a84b6510defc0fc79e5e6847b55b"}
,"D:\\ecotrack\\ecotrack-db-SAH\\microservices\\service-containers\\src\\middlewares\\cache.middleware.js": {"path":"D:\\ecotrack\\ecotrack-db-SAH\\microservices\\service-containers\\src\\middlewares\\cache.middleware.js","statementMap":{"0":{"start":{"line":3,"column":14},"end":{"line":3,"column":40}},"1":{"start":{"line":6,"column":14},"end":{"line":38,"column":1}},"2":{"start":{"line":7,"column":2},"end":{"line":37,"column":4}},"3":{"start":{"line":8,"column":16},"end":{"line":8,"column":42}},"4":{"start":{"line":10,"column":4},"end":{"line":36,"column":5}},"5":{"start":{"line":12,"column":21},"end":{"line":12,"column":41}},"6":{"start":{"line":14,"column":6},"end":{"line":18,"column":7}},"7":{"start":{"line":16,"column":8},"end":{"line":16,"column":47}},"8":{"start":{"line":17,"column":8},"end":{"line":17,"column":56}},"9":{"start":{"line":22,"column":6},"end":{"line":22,"column":46}},"10":{"start":{"line":23,"column":27},"end":{"line":23,"column":45}},"11":{"start":{"line":25,"column":6},"end":{"line":29,"column":8}},"12":{"start":{"line":27,"column":8},"end":{"line":27,"column":58}},"13":{"start":{"line":28,"column":8},"end":{"line":28,"column":34}},"14":{"start":{"line":31,"column":6},"end":{"line":31,"column":13}},"15":{"start":{"line":34,"column":6},"end":{"line":34,"column":58}},"16":{"start":{"line":35,"column":6},"end":{"line":35,"column":13}},"17":{"start":{"line":41,"column":24},"end":{"line":51,"column":1}},"18":{"start":{"line":42,"column":2},"end":{"line":50,"column":3}},"19":{"start":{"line":43,"column":17},"end":{"line":43,"column":54}},"20":{"start":{"line":44,"column":4},"end":{"line":47,"column":5}},"21":{"start":{"line":45,"column":6},"end":{"line":45,"column":31}},"22":{"start":{"line":46,"column":6},"end":{"line":46,"column":75}},"23":{"start":{"line":49,"column":4},"end":{"line":49,"column":63}},"24":{"start":{"line":53,"column":0},"end":{"line":53,"column":44}}},"fnMap":{"0":{"name":"(anonymous_0)","decl":{"start":{"line":6,"column":14},"end":{"line":6,"column":15}},"loc":{"start":{"line":6,"column":30},"end":{"line":38,"column":1}},"line":6},"1":{"name":"(anonymous_1)","decl":{"start":{"line":7,"column":9},"end":{"line":7,"column":10}},"loc":{"start":{"line":7,"column":35},"end":{"line":37,"column":3}},"line":7},"2":{"name":"(anonymous_2)","decl":{"start":{"line":25,"column":17},"end":{"line":25,"column":18}},"loc":{"start":{"line":25,"column":33},"end":{"line":29,"column":7}},"line":25},"3":{"name":"(anonymous_3)","decl":{"start":{"line":41,"column":24},"end":{"line":41,"column":25}},"loc":{"start":{"line":41,"column":43},"end":{"line":51,"column":1}},"line":41}},"branchMap":{"0":{"loc":{"start":{"line":6,"column":15},"end":{"line":6,"column":25}},"type":"default-arg","locations":[{"start":{"line":6,"column":21},"end":{"line":6,"column":25}}],"line":6},"1":{"loc":{"start":{"line":14,"column":6},"end":{"line":18,"column":7}},"type":"if","locations":[{"start":{"line":14,"column":6},"end":{"line":18,"column":7}},{"start":{},"end":{}}],"line":14},"2":{"loc":{"start":{"line":44,"column":4},"end":{"line":47,"column":5}},"type":"if","locations":[{"start":{"line":44,"column":4},"end":{"line":47,"column":5}},{"start":{},"end":{}}],"line":44}},"s":{"0":1,"1":1,"2":2,"3":2,"4":2,"5":2,"6":2,"7":0,"8":0,"9":2,"10":2,"11":2,"12":2,"13":2,"14":2,"15":0,"16":0,"17":1,"18":0,"19":0,"20":0,"21":0,"22":0,"23":0,"24":1},"f":{"0":2,"1":2,"2":2,"3":0},"b":{"0":[0],"1":[0,2],"2":[0,0]},"_coverageSchema":"1a1c01bbd47fc00a2c39e90264f33305004495a9","hash":"c74d3f8c8aacae8a323acedce6010db9d5abf707"}
,"D:\\ecotrack\\ecotrack-db-SAH\\microservices\\service-containers\\src\\middlewares\\rateLimit.middleware.js": {"path":"D:\\ecotrack\\ecotrack-db-SAH\\microservices\\service-containers\\src\\middlewares\\rateLimit.middleware.js","statementMap":{"0":{"start":{"line":3,"column":18},"end":{"line":3,"column":47}},"1":{"start":{"line":7,"column":20},"end":{"line":16,"column":2}},"2":{"start":{"line":20,"column":23},"end":{"line":29,"column":2}},"3":{"start":{"line":33,"column":27},"end":{"line":42,"column":2}},"4":{"start":{"line":44,"column":0},"end":{"line":44,"column":69}}},"fnMap":{},"branchMap":{},"s":{"0":1,"1":1,"2":1,"3":1,"4":1},"f":{},"b":{},"_coverageSchema":"1a1c01bbd47fc00a2c39e90264f33305004495a9","hash":"6d75648c649d0b6443ccc0a4e64aa4e054ab5685"}
,"D:\\ecotrack\\ecotrack-db-SAH\\microservices\\service-containers\\src\\middlewares\\roles.middleware.js": {"path":"D:\\ecotrack\\ecotrack-db-SAH\\microservices\\service-containers\\src\\middlewares\\roles.middleware.js","statementMap":{"0":{"start":{"line":1,"column":17},"end":{"line":1,"column":46}},"1":{"start":{"line":12,"column":0},"end":{"line":51,"column":2}},"2":{"start":{"line":13,"column":2},"end":{"line":50,"column":4}},"3":{"start":{"line":14,"column":4},"end":{"line":49,"column":5}},"4":{"start":{"line":15,"column":6},"end":{"line":17,"column":7}},"5":{"start":{"line":16,"column":8},"end":{"line":16,"column":78}},"6":{"start":{"line":19,"column":30},"end":{"line":22,"column":35}},"7":{"start":{"line":24,"column":6},"end":{"line":24,"column":29}},"8":{"start":{"line":24,"column":17},"end":{"line":24,"column":29}},"9":{"start":{"line":26,"column":24},"end":{"line":26,"column":49}},"10":{"start":{"line":26,"column":38},"end":{"line":26,"column":48}},"11":{"start":{"line":29,"column":23},"end":{"line":29,"column":85}},"12":{"start":{"line":32,"column":24},"end":{"line":32,"column":71}},"13":{"start":{"line":32,"column":46},"end":{"line":32,"column":70}},"14":{"start":{"line":34,"column":6},"end":{"line":40,"column":7}},"15":{"start":{"line":35,"column":8},"end":{"line":39,"column":11}},"16":{"start":{"line":42,"column":6},"end":{"line":42,"column":13}},"17":{"start":{"line":45,"column":6},"end":{"line":45,"column":63}},"18":{"start":{"line":46,"column":6},"end":{"line":48,"column":9}}},"fnMap":{"0":{"name":"(anonymous_0)","decl":{"start":{"line":12,"column":17},"end":{"line":12,"column":18}},"loc":{"start":{"line":12,"column":36},"end":{"line":51,"column":1}},"line":12},"1":{"name":"(anonymous_1)","decl":{"start":{"line":13,"column":9},"end":{"line":13,"column":10}},"loc":{"start":{"line":13,"column":35},"end":{"line":50,"column":3}},"line":13},"2":{"name":"(anonymous_2)","decl":{"start":{"line":26,"column":33},"end":{"line":26,"column":34}},"loc":{"start":{"line":26,"column":38},"end":{"line":26,"column":48}},"line":26},"3":{"name":"(anonymous_3)","decl":{"start":{"line":32,"column":38},"end":{"line":32,"column":39}},"loc":{"start":{"line":32,"column":46},"end":{"line":32,"column":70}},"line":32}},"branchMap":{"0":{"loc":{"start":{"line":15,"column":6},"end":{"line":17,"column":7}},"type":"if","locations":[{"start":{"line":15,"column":6},"end":{"line":17,"column":7}},{"start":{},"end":{}}],"line":15},"1":{"loc":{"start":{"line":24,"column":6},"end":{"line":24,"column":29}},"type":"if","locations":[{"start":{"line":24,"column":6},"end":{"line":24,"column":29}},{"start":{},"end":{}}],"line":24},"2":{"loc":{"start":{"line":29,"column":23},"end":{"line":29,"column":85}},"type":"cond-expr","locations":[{"start":{"line":29,"column":54},"end":{"line":29,"column":67}},{"start":{"line":29,"column":70},"end":{"line":29,"column":85}}],"line":29},"3":{"loc":{"start":{"line":34,"column":6},"end":{"line":40,"column":7}},"type":"if","locations":[{"start":{"line":34,"column":6},"end":{"line":40,"column":7}},{"start":{},"end":{}}],"line":34}},"s":{"0":1,"1":1,"2":3,"3":0,"4":0,"5":0,"6":0,"7":0,"8":0,"9":0,"10":0,"11":0,"12":0,"13":0,"14":0,"15":0,"16":0,"17":0,"18":0},"f":{"0":3,"1":0,"2":0,"3":0},"b":{"0":[0,0],"1":[0,0],"2":[0,0],"3":[0,0]},"_coverageSchema":"1a1c01bbd47fc00a2c39e90264f33305004495a9","hash":"86338e0da2c79fdd0291cd24437ce644cdfdfa30"}
,"D:\\ecotrack\\ecotrack-db-SAH\\microservices\\service-containers\\src\\middlewares\\validate.middleware.js": {"path":"D:\\ecotrack\\ecotrack-db-SAH\\microservices\\service-containers\\src\\middlewares\\validate.middleware.js","statementMap":{"0":{"start":{"line":5,"column":17},"end":{"line":27,"column":1}},"1":{"start":{"line":6,"column":2},"end":{"line":26,"column":4}},"2":{"start":{"line":8,"column":29},"end":{"line":11,"column":6}},"3":{"start":{"line":13,"column":4},"end":{"line":21,"column":5}},"4":{"start":{"line":15,"column":21},"end":{"line":15,"column":64}},"5":{"start":{"line":15,"column":49},"end":{"line":15,"column":63}},"6":{"start":{"line":16,"column":6},"end":{"line":20,"column":9}},"7":{"start":{"line":24,"column":4},"end":{"line":24,"column":21}},"8":{"start":{"line":25,"column":4},"end":{"line":25,"column":11}},"9":{"start":{"line":29,"column":0},"end":{"line":29,"column":26}}},"fnMap":{"0":{"name":"(anonymous_0)","decl":{"start":{"line":5,"column":17},"end":{"line":5,"column":18}},"loc":{"start":{"line":5,"column":29},"end":{"line":27,"column":1}},"line":5},"1":{"name":"(anonymous_1)","decl":{"start":{"line":6,"column":9},"end":{"line":6,"column":10}},"loc":{"start":{"line":6,"column":29},"end":{"line":26,"column":3}},"line":6},"2":{"name":"(anonymous_2)","decl":{"start":{"line":15,"column":39},"end":{"line":15,"column":40}},"loc":{"start":{"line":15,"column":49},"end":{"line":15,"column":63}},"line":15}},"branchMap":{"0":{"loc":{"start":{"line":13,"column":4},"end":{"line":21,"column":5}},"type":"if","locations":[{"start":{"line":13,"column":4},"end":{"line":21,"column":5}},{"start":{},"end":{}}],"line":13}},"s":{"0":1,"1":2,"2":0,"3":0,"4":0,"5":0,"6":0,"7":0,"8":0,"9":1},"f":{"0":2,"1":0,"2":0},"b":{"0":[0,0]},"_coverageSchema":"1a1c01bbd47fc00a2c39e90264f33305004495a9","hash":"9ac0cee9b1b7ffa41f292d4fcbc28c0d076c286c"}
,"D:\\ecotrack\\ecotrack-db-SAH\\microservices\\service-containers\\src\\modules\\bins\\bins.controller.js": {"path":"D:\\ecotrack\\ecotrack-db-SAH\\microservices\\service-containers\\src\\modules\\bins\\bins.controller.js","statementMap":{"0":{"start":{"line":4,"column":20},"end":{"line":4,"column":45}},"1":{"start":{"line":7,"column":15},"end":{"line":19,"column":1}},"2":{"start":{"line":8,"column":2},"end":{"line":18,"column":3}},"3":{"start":{"line":9,"column":20},"end":{"line":13,"column":5}},"4":{"start":{"line":14,"column":17},"end":{"line":14,"column":54}},"5":{"start":{"line":15,"column":4},"end":{"line":15,"column":70}},"6":{"start":{"line":17,"column":4},"end":{"line":17,"column":14}},"7":{"start":{"line":22,"column":16},"end":{"line":29,"column":1}},"8":{"start":{"line":23,"column":2},"end":{"line":28,"column":3}},"9":{"start":{"line":24,"column":17},"end":{"line":24,"column":60}},"10":{"start":{"line":25,"column":4},"end":{"line":25,"column":50}},"11":{"start":{"line":27,"column":4},"end":{"line":27,"column":14}},"12":{"start":{"line":32,"column":15},"end":{"line":39,"column":1}},"13":{"start":{"line":33,"column":2},"end":{"line":38,"column":3}},"14":{"start":{"line":34,"column":17},"end":{"line":34,"column":54}},"15":{"start":{"line":35,"column":4},"end":{"line":35,"column":50}},"16":{"start":{"line":37,"column":4},"end":{"line":37,"column":14}},"17":{"start":{"line":42,"column":15},"end":{"line":49,"column":1}},"18":{"start":{"line":43,"column":2},"end":{"line":48,"column":3}},"19":{"start":{"line":44,"column":17},"end":{"line":44,"column":69}},"20":{"start":{"line":45,"column":4},"end":{"line":45,"column":50}},"21":{"start":{"line":47,"column":4},"end":{"line":47,"column":14}},"22":{"start":{"line":52,"column":15},"end":{"line":59,"column":1}},"23":{"start":{"line":53,"column":2},"end":{"line":58,"column":3}},"24":{"start":{"line":54,"column":19},"end":{"line":54,"column":61}},"25":{"start":{"line":55,"column":4},"end":{"line":55,"column":55}},"26":{"start":{"line":57,"column":4},"end":{"line":57,"column":14}},"27":{"start":{"line":61,"column":0},"end":{"line":61,"column":61}}},"fnMap":{"0":{"name":"(anonymous_0)","decl":{"start":{"line":7,"column":15},"end":{"line":7,"column":16}},"loc":{"start":{"line":7,"column":41},"end":{"line":19,"column":1}},"line":7},"1":{"name":"(anonymous_1)","decl":{"start":{"line":22,"column":16},"end":{"line":22,"column":17}},"loc":{"start":{"line":22,"column":42},"end":{"line":29,"column":1}},"line":22},"2":{"name":"(anonymous_2)","decl":{"start":{"line":32,"column":15},"end":{"line":32,"column":16}},"loc":{"start":{"line":32,"column":41},"end":{"line":39,"column":1}},"line":32},"3":{"name":"(anonymous_3)","decl":{"start":{"line":42,"column":15},"end":{"line":42,"column":16}},"loc":{"start":{"line":42,"column":41},"end":{"line":49,"column":1}},"line":42},"4":{"name":"(anonymous_4)","decl":{"start":{"line":52,"column":15},"end":{"line":52,"column":16}},"loc":{"start":{"line":52,"column":41},"end":{"line":59,"column":1}},"line":52}},"branchMap":{},"s":{"0":1,"1":1,"2":2,"3":2,"4":2,"5":2,"6":0,"7":1,"8":0,"9":0,"10":0,"11":0,"12":1,"13":0,"14":0,"15":0,"16":0,"17":1,"18":0,"19":0,"20":0,"21":0,"22":1,"23":0,"24":0,"25":0,"26":0,"27":1},"f":{"0":2,"1":0,"2":0,"3":0,"4":0},"b":{},"_coverageSchema":"1a1c01bbd47fc00a2c39e90264f33305004495a9","hash":"68326ba0329003529cf3e18d43e2f6fcad2528be"}
,"D:\\ecotrack\\ecotrack-db-SAH\\microservices\\service-containers\\src\\modules\\bins\\bins.repository.js": {"path":"D:\\ecotrack\\ecotrack-db-SAH\\microservices\\service-containers\\src\\modules\\bins\\bins.repository.js","statementMap":{"0":{"start":{"line":5,"column":17},"end":{"line":5,"column":49}},"1":{"start":{"line":8,"column":16},"end":{"line":35,"column":1}},"2":{"start":{"line":9,"column":14},"end":{"line":15,"column":6}},"3":{"start":{"line":18,"column":2},"end":{"line":20,"column":3}},"4":{"start":{"line":19,"column":4},"end":{"line":19,"column":49}},"5":{"start":{"line":23,"column":2},"end":{"line":25,"column":3}},"6":{"start":{"line":24,"column":4},"end":{"line":24,"column":43}},"7":{"start":{"line":28,"column":2},"end":{"line":30,"column":3}},"8":{"start":{"line":29,"column":4},"end":{"line":29,"column":65}},"9":{"start":{"line":32,"column":26},"end":{"line":32,"column":37}},"10":{"start":{"line":33,"column":2},"end":{"line":33,"column":25}},"11":{"start":{"line":33,"column":13},"end":{"line":33,"column":25}},"12":{"start":{"line":34,"column":2},"end":{"line":34,"column":14}},"13":{"start":{"line":38,"column":17},"end":{"line":51,"column":1}},"14":{"start":{"line":39,"column":26},"end":{"line":47,"column":13}},"15":{"start":{"line":49,"column":2},"end":{"line":49,"column":25}},"16":{"start":{"line":49,"column":13},"end":{"line":49,"column":25}},"17":{"start":{"line":50,"column":2},"end":{"line":50,"column":14}},"18":{"start":{"line":54,"column":15},"end":{"line":63,"column":1}},"19":{"start":{"line":55,"column":26},"end":{"line":59,"column":13}},"20":{"start":{"line":61,"column":2},"end":{"line":61,"column":25}},"21":{"start":{"line":61,"column":13},"end":{"line":61,"column":25}},"22":{"start":{"line":62,"column":2},"end":{"line":62,"column":14}},"23":{"start":{"line":66,"column":15},"end":{"line":84,"column":1}},"24":{"start":{"line":67,"column":26},"end":{"line":74,"column":13}},"25":{"start":{"line":76,"column":2},"end":{"line":76,"column":25}},"26":{"start":{"line":76,"column":13},"end":{"line":76,"column":25}},"27":{"start":{"line":79,"column":2},"end":{"line":81,"column":3}},"28":{"start":{"line":80,"column":4},"end":{"line":80,"column":59}},"29":{"start":{"line":83,"column":2},"end":{"line":83,"column":17}},"30":{"start":{"line":87,"column":15},"end":{"line":95,"column":1}},"31":{"start":{"line":88,"column":20},"end":{"line":91,"column":27}},"32":{"start":{"line":93,"column":2},"end":{"line":93,"column":25}},"33":{"start":{"line":93,"column":13},"end":{"line":93,"column":25}},"34":{"start":{"line":94,"column":2},"end":{"line":94,"column":14}},"35":{"start":{"line":97,"column":0},"end":{"line":97,"column":63}}},"fnMap":{"0":{"name":"(anonymous_0)","decl":{"start":{"line":8,"column":16},"end":{"line":8,"column":17}},"loc":{"start":{"line":8,"column":40},"end":{"line":35,"column":1}},"line":8},"1":{"name":"(anonymous_1)","decl":{"start":{"line":38,"column":17},"end":{"line":38,"column":18}},"loc":{"start":{"line":38,"column":31},"end":{"line":51,"column":1}},"line":38},"2":{"name":"(anonymous_2)","decl":{"start":{"line":54,"column":15},"end":{"line":54,"column":16}},"loc":{"start":{"line":54,"column":40},"end":{"line":63,"column":1}},"line":54},"3":{"name":"(anonymous_3)","decl":{"start":{"line":66,"column":15},"end":{"line":66,"column":16}},"loc":{"start":{"line":66,"column":38},"end":{"line":84,"column":1}},"line":66},"4":{"name":"(anonymous_4)","decl":{"start":{"line":87,"column":15},"end":{"line":87,"column":16}},"loc":{"start":{"line":87,"column":29},"end":{"line":95,"column":1}},"line":87}},"branchMap":{"0":{"loc":{"start":{"line":8,"column":23},"end":{"line":8,"column":35}},"type":"default-arg","locations":[{"start":{"line":8,"column":33},"end":{"line":8,"column":35}}],"line":8},"1":{"loc":{"start":{"line":18,"column":2},"end":{"line":20,"column":3}},"type":"if","locations":[{"start":{"line":18,"column":2},"end":{"line":20,"column":3}},{"start":{},"end":{}}],"line":18},"2":{"loc":{"start":{"line":23,"column":2},"end":{"line":25,"column":3}},"type":"if","locations":[{"start":{"line":23,"column":2},"end":{"line":25,"column":3}},{"start":{},"end":{}}],"line":23},"3":{"loc":{"start":{"line":28,"column":2},"end":{"line":30,"column":3}},"type":"if","locations":[{"start":{"line":28,"column":2},"end":{"line":30,"column":3}},{"start":{},"end":{}}],"line":28},"4":{"loc":{"start":{"line":33,"column":2},"end":{"line":33,"column":25}},"type":"if","locations":[{"start":{"line":33,"column":2},"end":{"line":33,"column":25}},{"start":{},"end":{}}],"line":33},"5":{"loc":{"start":{"line":49,"column":2},"end":{"line":49,"column":25}},"type":"if","locations":[{"start":{"line":49,"column":2},"end":{"line":49,"column":25}},{"start":{},"end":{}}],"line":49},"6":{"loc":{"start":{"line":61,"column":2},"end":{"line":61,"column":25}},"type":"if","locations":[{"start":{"line":61,"column":2},"end":{"line":61,"column":25}},{"start":{},"end":{}}],"line":61},"7":{"loc":{"start":{"line":76,"column":2},"end":{"line":76,"column":25}},"type":"if","locations":[{"start":{"line":76,"column":2},"end":{"line":76,"column":25}},{"start":{},"end":{}}],"line":76},"8":{"loc":{"start":{"line":79,"column":2},"end":{"line":81,"column":3}},"type":"if","locations":[{"start":{"line":79,"column":2},"end":{"line":81,"column":3}},{"start":{},"end":{}}],"line":79},"9":{"loc":{"start":{"line":93,"column":2},"end":{"line":93,"column":25}},"type":"if","locations":[{"start":{"line":93,"column":2},"end":{"line":93,"column":25}},{"start":{},"end":{}}],"line":93}},"s":{"0":2,"1":2,"2":2,"3":2,"4":0,"5":2,"6":0,"7":2,"8":0,"9":2,"10":2,"11":0,"12":2,"13":2,"14":0,"15":0,"16":0,"17":0,"18":2,"19":0,"20":0,"21":0,"22":0,"23":2,"24":0,"25":0,"26":0,"27":0,"28":0,"29":0,"30":2,"31":0,"32":0,"33":0,"34":0,"35":2},"f":{"0":2,"1":0,"2":0,"3":0,"4":0},"b":{"0":[0],"1":[0,2],"2":[0,2],"3":[0,2],"4":[0,2],"5":[0,0],"6":[0,0],"7":[0,0],"8":[0,0],"9":[0,0]},"_coverageSchema":"1a1c01bbd47fc00a2c39e90264f33305004495a9","hash":"99c431ebd7dcbe87dd9ca48b1592c02cc31f2a4f"}
,"D:\\ecotrack\\ecotrack-db-SAH\\microservices\\service-containers\\src\\modules\\bins\\bins.routes.js": {"path":"D:\\ecotrack\\ecotrack-db-SAH\\microservices\\service-containers\\src\\modules\\bins\\bins.routes.js","statementMap":{"0":{"start":{"line":2,"column":16},"end":{"line":2,"column":34}},"1":{"start":{"line":3,"column":15},"end":{"line":3,"column":31}},"2":{"start":{"line":4,"column":23},"end":{"line":4,"column":51}},"3":{"start":{"line":5,"column":23},"end":{"line":5,"column":67}},"4":{"start":{"line":6,"column":24},"end":{"line":6,"column":69}},"5":{"start":{"line":7,"column":17},"end":{"line":7,"column":65}},"6":{"start":{"line":8,"column":45},"end":{"line":8,"column":73}},"7":{"start":{"line":9,"column":18},"end":{"line":9,"column":63}},"8":{"start":{"line":51,"column":0},"end":{"line":51,"column":52}},"9":{"start":{"line":72,"column":0},"end":{"line":72,"column":56}},"10":{"start":{"line":121,"column":0},"end":{"line":126,"column":2}},"11":{"start":{"line":198,"column":0},"end":{"line":203,"column":2}},"12":{"start":{"line":227,"column":0},"end":{"line":231,"column":2}},"13":{"start":{"line":233,"column":0},"end":{"line":233,"column":24}}},"fnMap":{},"branchMap":{},"s":{"0":1,"1":1,"2":1,"3":1,"4":1,"5":1,"6":1,"7":1,"8":1,"9":1,"10":1,"11":1,"12":1,"13":1},"f":{},"b":{},"_coverageSchema":"1a1c01bbd47fc00a2c39e90264f33305004495a9","hash":"3ece44bf3607fd91c7380dafcb6e58f29bc2f11e"}
,"D:\\ecotrack\\ecotrack-db-SAH\\microservices\\service-containers\\src\\modules\\bins\\bins.service.js": {"path":"D:\\ecotrack\\ecotrack-db-SAH\\microservices\\service-containers\\src\\modules\\bins\\bins.service.js","statementMap":{"0":{"start":{"line":5,"column":23},"end":{"line":5,"column":51}},"1":{"start":{"line":6,"column":43},"end":{"line":6,"column":75}},"2":{"start":{"line":9,"column":19},"end":{"line":12,"column":1}},"3":{"start":{"line":10,"column":21},"end":{"line":10,"column":58}},"4":{"start":{"line":11,"column":2},"end":{"line":11,"column":20}},"5":{"start":{"line":15,"column":19},"end":{"line":23,"column":1}},"6":{"start":{"line":16,"column":20},"end":{"line":16,"column":53}},"7":{"start":{"line":18,"column":2},"end":{"line":20,"column":3}},"8":{"start":{"line":19,"column":4},"end":{"line":19,"column":69}},"9":{"start":{"line":22,"column":2},"end":{"line":22,"column":19}},"10":{"start":{"line":26,"column":18},"end":{"line":52,"column":1}},"11":{"start":{"line":28,"column":2},"end":{"line":30,"column":3}},"12":{"start":{"line":29,"column":4},"end":{"line":29,"column":68}},"13":{"start":{"line":31,"column":2},"end":{"line":33,"column":3}},"14":{"start":{"line":32,"column":4},"end":{"line":32,"column":74}},"15":{"start":{"line":34,"column":2},"end":{"line":36,"column":3}},"16":{"start":{"line":35,"column":4},"end":{"line":35,"column":66}},"17":{"start":{"line":39,"column":2},"end":{"line":41,"column":3}},"18":{"start":{"line":40,"column":4},"end":{"line":40,"column":71}},"19":{"start":{"line":42,"column":2},"end":{"line":44,"column":3}},"20":{"start":{"line":43,"column":4},"end":{"line":43,"column":74}},"21":{"start":{"line":47,"column":2},"end":{"line":49,"column":3}},"22":{"start":{"line":48,"column":4},"end":{"line":48,"column":73}},"23":{"start":{"line":51,"column":2},"end":{"line":51,"column":43}},"24":{"start":{"line":55,"column":18},"end":{"line":58,"column":1}},"25":{"start":{"line":56,"column":2},"end":{"line":56,"column":23}},"26":{"start":{"line":57,"column":2},"end":{"line":57,"column":47}},"27":{"start":{"line":61,"column":18},"end":{"line":65,"column":1}},"28":{"start":{"line":62,"column":2},"end":{"line":62,"column":23}},"29":{"start":{"line":63,"column":2},"end":{"line":63,"column":34}},"30":{"start":{"line":64,"column":2},"end":{"line":64,"column":61}},"31":{"start":{"line":67,"column":0},"end":{"line":73,"column":2}}},"fnMap":{"0":{"name":"(anonymous_0)","decl":{"start":{"line":9,"column":19},"end":{"line":9,"column":20}},"loc":{"start":{"line":9,"column":43},"end":{"line":12,"column":1}},"line":9},"1":{"name":"(anonymous_1)","decl":{"start":{"line":15,"column":19},"end":{"line":15,"column":20}},"loc":{"start":{"line":15,"column":33},"end":{"line":23,"column":1}},"line":15},"2":{"name":"(anonymous_2)","decl":{"start":{"line":26,"column":18},"end":{"line":26,"column":19}},"loc":{"start":{"line":26,"column":34},"end":{"line":52,"column":1}},"line":26},"3":{"name":"(anonymous_3)","decl":{"start":{"line":55,"column":18},"end":{"line":55,"column":19}},"loc":{"start":{"line":55,"column":38},"end":{"line":58,"column":1}},"line":55},"4":{"name":"(anonymous_4)","decl":{"start":{"line":61,"column":18},"end":{"line":61,"column":19}},"loc":{"start":{"line":61,"column":32},"end":{"line":65,"column":1}},"line":61}},"branchMap":{"0":{"loc":{"start":{"line":9,"column":26},"end":{"line":9,"column":38}},"type":"default-arg","locations":[{"start":{"line":9,"column":36},"end":{"line":9,"column":38}}],"line":9},"1":{"loc":{"start":{"line":18,"column":2},"end":{"line":20,"column":3}},"type":"if","locations":[{"start":{"line":18,"column":2},"end":{"line":20,"column":3}},{"start":{},"end":{}}],"line":18},"2":{"loc":{"start":{"line":28,"column":2},"end":{"line":30,"column":3}},"type":"if","locations":[{"start":{"line":28,"column":2},"end":{"line":30,"column":3}},{"start":{},"end":{}}],"line":28},"3":{"loc":{"start":{"line":31,"column":2},"end":{"line":33,"column":3}},"type":"if","locations":[{"start":{"line":31,"column":2},"end":{"line":33,"column":3}},{"start":{},"end":{}}],"line":31},"4":{"loc":{"start":{"line":34,"column":2},"end":{"line":36,"column":3}},"type":"if","locations":[{"start":{"line":34,"column":2},"end":{"line":36,"column":3}},{"start":{},"end":{}}],"line":34},"5":{"loc":{"start":{"line":39,"column":2},"end":{"line":41,"column":3}},"type":"if","locations":[{"start":{"line":39,"column":2},"end":{"line":41,"column":3}},{"start":{},"end":{}}],"line":39},"6":{"loc":{"start":{"line":39,"column":6},"end":{"line":39,"column":66}},"type":"binary-expr","locations":[{"start":{"line":39,"column":6},"end":{"line":39,"column":19}},{"start":{"line":39,"column":24},"end":{"line":39,"column":43}},{"start":{"line":39,"column":47},"end":{"line":39,"column":65}}],"line":39},"7":{"loc":{"start":{"line":42,"column":2},"end":{"line":44,"column":3}},"type":"if","locations":[{"start":{"line":42,"column":2},"end":{"line":44,"column":3}},{"start":{},"end":{}}],"line":42},"8":{"loc":{"start":{"line":42,"column":6},"end":{"line":42,"column":71}},"type":"binary-expr","locations":[{"start":{"line":42,"column":6},"end":{"line":42,"column":20}},{"start":{"line":42,"column":25},"end":{"line":42,"column":46}},{"start":{"line":42,"column":50},"end":{"line":42,"column":70}}],"line":42},"9":{"loc":{"start":{"line":47,"column":2},"end":{"line":49,"column":3}},"type":"if","locations":[{"start":{"line":47,"column":2},"end":{"line":49,"column":3}},{"start":{},"end":{}}],"line":47},"10":{"loc":{"start":{"line":47,"column":6},"end":{"line":47,"column":55}},"type":"binary-expr","locations":[{"start":{"line":47,"column":6},"end":{"line":47,"column":26}},{"start":{"line":47,"column":30},"end":{"line":47,"column":55}}],"line":47}},"s":{"0":2,"1":2,"2":2,"3":5,"4":5,"5":2,"6":4,"7":4,"8":2,"9":2,"10":2,"11":5,"12":1,"13":4,"14":0,"15":4,"16":0,"17":4,"18":1,"19":3,"20":1,"21":2,"22":1,"23":1,"24":2,"25":0,"26":0,"27":2,"28":2,"29":1,"30":1,"31":2},"f":{"0":5,"1":4,"2":5,"3":0,"4":2},"b":{"0":[2],"1":[2,2],"2":[1,4],"3":[0,4],"4":[0,4],"5":[1,3],"6":[4,4,4],"7":[1,2],"8":[3,3,3],"9":[1,1],"10":[2,2]},"_coverageSchema":"1a1c01bbd47fc00a2c39e90264f33305004495a9","hash":"5290e48daef7884caae67eb9d1230d511baa852d"}
,"D:\\ecotrack\\ecotrack-db-SAH\\microservices\\service-containers\\src\\modules\\bins\\bins.validation.js": {"path":"D:\\ecotrack\\ecotrack-db-SAH\\microservices\\service-containers\\src\\modules\\bins\\bins.validation.js","statementMap":{"0":{"start":{"line":4,"column":12},"end":{"line":4,"column":26}},"1":{"start":{"line":7,"column":24},"end":{"line":75,"column":2}},"2":{"start":{"line":79,"column":24},"end":{"line":88,"column":2}},"3":{"start":{"line":90,"column":0},"end":{"line":90,"column":54}}},"fnMap":{},"branchMap":{},"s":{"0":1,"1":1,"2":1,"3":1},"f":{},"b":{},"_coverageSchema":"1a1c01bbd47fc00a2c39e90264f33305004495a9","hash":"8e05d6c925283d4647a0aa8db26b53e777b45e42"}
,"D:\\ecotrack\\ecotrack-db-SAH\\microservices\\service-containers\\src\\modules\\stats\\health.routes.js": {"path":"D:\\ecotrack\\ecotrack-db-SAH\\microservices\\service-containers\\src\\modules\\stats\\health.routes.js","statementMap":{"0":{"start":{"line":4,"column":16},"end":{"line":4,"column":34}},"1":{"start":{"line":5,"column":15},"end":{"line":5,"column":31}},"2":{"start":{"line":6,"column":17},"end":{"line":6,"column":49}},"3":{"start":{"line":7,"column":14},"end":{"line":7,"column":43}},"4":{"start":{"line":10,"column":0},"end":{"line":16,"column":3}},"5":{"start":{"line":11,"column":2},"end":{"line":15,"column":5}},"6":{"start":{"line":19,"column":0},"end":{"line":36,"column":3}},"7":{"start":{"line":20,"column":2},"end":{"line":35,"column":3}},"8":{"start":{"line":22,"column":22},"end":{"line":22,"column":86}},"9":{"start":{"line":23,"column":4},"end":{"line":23,"column":27}},"10":{"start":{"line":23,"column":15},"end":{"line":23,"column":27}},"11":{"start":{"line":25,"column":4},"end":{"line":28,"column":7}},"12":{"start":{"line":30,"column":4},"end":{"line":34,"column":7}},"13":{"start":{"line":39,"column":0},"end":{"line":55,"column":3}},"14":{"start":{"line":40,"column":2},"end":{"line":54,"column":3}},"15":{"start":{"line":41,"column":19},"end":{"line":41,"column":37}},"16":{"start":{"line":42,"column":4},"end":{"line":42,"column":66}},"17":{"start":{"line":42,"column":27},"end":{"line":42,"column":66}},"18":{"start":{"line":44,"column":4},"end":{"line":47,"column":7}},"19":{"start":{"line":49,"column":4},"end":{"line":53,"column":7}},"20":{"start":{"line":57,"column":0},"end":{"line":57,"column":24}}},"fnMap":{"0":{"name":"(anonymous_0)","decl":{"start":{"line":10,"column":16},"end":{"line":10,"column":17}},"loc":{"start":{"line":10,"column":30},"end":{"line":16,"column":1}},"line":10},"1":{"name":"(anonymous_1)","decl":{"start":{"line":19,"column":18},"end":{"line":19,"column":19}},"loc":{"start":{"line":19,"column":38},"end":{"line":36,"column":1}},"line":19},"2":{"name":"(anonymous_2)","decl":{"start":{"line":39,"column":21},"end":{"line":39,"column":22}},"loc":{"start":{"line":39,"column":41},"end":{"line":55,"column":1}},"line":39}},"branchMap":{"0":{"loc":{"start":{"line":23,"column":4},"end":{"line":23,"column":27}},"type":"if","locations":[{"start":{"line":23,"column":4},"end":{"line":23,"column":27}},{"start":{},"end":{}}],"line":23},"1":{"loc":{"start":{"line":42,"column":4},"end":{"line":42,"column":66}},"type":"if","locations":[{"start":{"line":42,"column":4},"end":{"line":42,"column":66}},{"start":{},"end":{}}],"line":42}},"s":{"0":1,"1":1,"2":1,"3":1,"4":1,"5":1,"6":1,"7":0,"8":0,"9":0,"10":0,"11":0,"12":0,"13":1,"14":0,"15":0,"16":0,"17":0,"18":0,"19":0,"20":1},"f":{"0":1,"1":0,"2":0},"b":{"0":[0,0],"1":[0,0]},"_coverageSchema":"1a1c01bbd47fc00a2c39e90264f33305004495a9","hash":"97cd7df37e49ab73770c63d1ba929f858a820f38"}
,"D:\\ecotrack\\ecotrack-db-SAH\\microservices\\service-containers\\src\\modules\\stats\\monitoring.routes.js": {"path":"D:\\ecotrack\\ecotrack-db-SAH\\microservices\\service-containers\\src\\modules\\stats\\monitoring.routes.js","statementMap":{"0":{"start":{"line":4,"column":16},"end":{"line":4,"column":34}},"1":{"start":{"line":5,"column":15},"end":{"line":5,"column":31}},"2":{"start":{"line":6,"column":14},"end":{"line":6,"column":43}},"3":{"start":{"line":7,"column":11},"end":{"line":7,"column":24}},"4":{"start":{"line":10,"column":0},"end":{"line":57,"column":3}},"5":{"start":{"line":11,"column":2},"end":{"line":56,"column":3}},"6":{"start":{"line":13,"column":21},"end":{"line":13,"column":34}},"7":{"start":{"line":14,"column":20},"end":{"line":14,"column":32}},"8":{"start":{"line":15,"column":20},"end":{"line":15,"column":38}},"9":{"start":{"line":18,"column":23},"end":{"line":18,"column":33}},"10":{"start":{"line":19,"column":4},"end":{"line":19,"column":23}},"11":{"start":{"line":20,"column":25},"end":{"line":20,"column":48}},"12":{"start":{"line":22,"column":4},"end":{"line":53,"column":7}},"13":{"start":{"line":55,"column":4},"end":{"line":55,"column":66}},"14":{"start":{"line":59,"column":0},"end":{"line":59,"column":24}}},"fnMap":{"0":{"name":"(anonymous_0)","decl":{"start":{"line":10,"column":16},"end":{"line":10,"column":17}},"loc":{"start":{"line":10,"column":36},"end":{"line":57,"column":1}},"line":10}},"branchMap":{},"s":{"0":1,"1":1,"2":1,"3":1,"4":1,"5":0,"6":0,"7":0,"8":0,"9":0,"10":0,"11":0,"12":0,"13":0,"14":1},"f":{"0":0},"b":{},"_coverageSchema":"1a1c01bbd47fc00a2c39e90264f33305004495a9","hash":"8afcd07d298dd6b135fd7d0325af53ece42866b3"}
}
