{"D:\\ecotrack-db-SAH\\backend\\src\\app.js": {"path":"D:\\ecotrack-db-SAH\\backend\\src\\app.js","statementMap":{"0":{"start":{"line":1,"column":16},"end":{"line":1,"column":34}},"1":{"start":{"line":2,"column":13},"end":{"line":2,"column":28}},"2":{"start":{"line":3,"column":15},"end":{"line":3,"column":32}},"3":{"start":{"line":4,"column":15},"end":{"line":4,"column":41}},"4":{"start":{"line":5,"column":12},"end":{"line":5,"column":21}},"5":{"start":{"line":8,"column":0},"end":{"line":8,"column":24}},"6":{"start":{"line":9,"column":0},"end":{"line":9,"column":16}},"7":{"start":{"line":13,"column":0},"end":{"line":17,"column":4}},"8":{"start":{"line":15,"column":24},"end":{"line":15,"column":51}},"9":{"start":{"line":20,"column":40},"end":{"line":20,"column":85}},"10":{"start":{"line":21,"column":0},"end":{"line":21,"column":33}},"11":{"start":{"line":22,"column":0},"end":{"line":22,"column":40}},"12":{"start":{"line":25,"column":0},"end":{"line":27,"column":3}},"13":{"start":{"line":26,"column":2},"end":{"line":26,"column":67}},"14":{"start":{"line":30,"column":19},"end":{"line":30,"column":58}},"15":{"start":{"line":31,"column":19},"end":{"line":31,"column":56}},"16":{"start":{"line":32,"column":21},"end":{"line":32,"column":61}},"17":{"start":{"line":34,"column":0},"end":{"line":34,"column":33}},"18":{"start":{"line":35,"column":0},"end":{"line":35,"column":33}},"19":{"start":{"line":36,"column":0},"end":{"line":36,"column":33}},"20":{"start":{"line":39,"column":0},"end":{"line":44,"column":3}},"21":{"start":{"line":40,"column":2},"end":{"line":40,"column":55}},"22":{"start":{"line":41,"column":2},"end":{"line":43,"column":5}},"23":{"start":{"line":46,"column":0},"end":{"line":46,"column":21}}},"fnMap":{"0":{"name":"(anonymous_0)","decl":{"start":{"line":15,"column":11},"end":{"line":15,"column":12}},"loc":{"start":{"line":15,"column":24},"end":{"line":15,"column":51}},"line":15},"1":{"name":"(anonymous_1)","decl":{"start":{"line":25,"column":17},"end":{"line":25,"column":18}},"loc":{"start":{"line":25,"column":31},"end":{"line":27,"column":1}},"line":25},"2":{"name":"(anonymous_2)","decl":{"start":{"line":39,"column":8},"end":{"line":39,"column":9}},"loc":{"start":{"line":39,"column":33},"end":{"line":44,"column":1}},"line":39}},"branchMap":{"0":{"loc":{"start":{"line":41,"column":13},"end":{"line":41,"column":30}},"type":"binary-expr","locations":[{"start":{"line":41,"column":13},"end":{"line":41,"column":23}},{"start":{"line":41,"column":27},"end":{"line":41,"column":30}}],"line":41},"1":{"loc":{"start":{"line":42,"column":11},"end":{"line":42,"column":53}},"type":"binary-expr","locations":[{"start":{"line":42,"column":11},"end":{"line":42,"column":22}},{"start":{"line":42,"column":26},"end":{"line":42,"column":53}}],"line":42}},"s":{"0":1,"1":1,"2":1,"3":1,"4":1,"5":1,"6":1,"7":1,"8":7,"9":1,"10":1,"11":1,"12":1,"13":1,"14":1,"15":1,"16":1,"17":1,"18":1,"19":1,"20":1,"21":0,"22":0,"23":1},"f":{"0":7,"1":1,"2":0},"b":{"0":[0,0],"1":[0,0]},"_coverageSchema":"1a1c01bbd47fc00a2c39e90264f33305004495a9","hash":"7149fdb082eb6f9e7c9e7202a22fc939cfcc084c"}
,"D:\\ecotrack-db-SAH\\backend\\src\\errors\\AppError.js": {"path":"D:\\ecotrack-db-SAH\\backend\\src\\errors\\AppError.js","statementMap":{"0":{"start":{"line":8,"column":4},"end":{"line":8,"column":19}},"1":{"start":{"line":9,"column":4},"end":{"line":9,"column":25}},"2":{"start":{"line":10,"column":4},"end":{"line":10,"column":38}},"3":{"start":{"line":17,"column":4},"end":{"line":17,"column":24}},"4":{"start":{"line":24,"column":4},"end":{"line":24,"column":24}},"5":{"start":{"line":31,"column":4},"end":{"line":31,"column":24}},"6":{"start":{"line":38,"column":4},"end":{"line":38,"column":24}},"7":{"start":{"line":42,"column":0},"end":{"line":48,"column":2}}},"fnMap":{"0":{"name":"(anonymous_0)","decl":{"start":{"line":7,"column":2},"end":{"line":7,"column":3}},"loc":{"start":{"line":7,"column":31},"end":{"line":11,"column":3}},"line":7},"1":{"name":"(anonymous_1)","decl":{"start":{"line":16,"column":2},"end":{"line":16,"column":3}},"loc":{"start":{"line":16,"column":49},"end":{"line":18,"column":3}},"line":16},"2":{"name":"(anonymous_2)","decl":{"start":{"line":23,"column":2},"end":{"line":23,"column":3}},"loc":{"start":{"line":23,"column":45},"end":{"line":25,"column":3}},"line":23},"3":{"name":"(anonymous_3)","decl":{"start":{"line":30,"column":2},"end":{"line":30,"column":3}},"loc":{"start":{"line":30,"column":43},"end":{"line":32,"column":3}},"line":30},"4":{"name":"(anonymous_4)","decl":{"start":{"line":37,"column":2},"end":{"line":37,"column":3}},"loc":{"start":{"line":37,"column":40},"end":{"line":39,"column":3}},"line":37}},"branchMap":{"0":{"loc":{"start":{"line":16,"column":14},"end":{"line":16,"column":47}},"type":"default-arg","locations":[{"start":{"line":16,"column":24},"end":{"line":16,"column":47}}],"line":16},"1":{"loc":{"start":{"line":23,"column":14},"end":{"line":23,"column":43}},"type":"default-arg","locations":[{"start":{"line":23,"column":24},"end":{"line":23,"column":43}}],"line":23},"2":{"loc":{"start":{"line":30,"column":14},"end":{"line":30,"column":41}},"type":"default-arg","locations":[{"start":{"line":30,"column":24},"end":{"line":30,"column":41}}],"line":30},"3":{"loc":{"start":{"line":37,"column":14},"end":{"line":37,"column":38}},"type":"default-arg","locations":[{"start":{"line":37,"column":24},"end":{"line":37,"column":38}}],"line":37}},"s":{"0":6,"1":6,"2":6,"3":2,"4":4,"5":0,"6":0,"7":2},"f":{"0":6,"1":2,"2":4,"3":0,"4":0},"b":{"0":[0],"1":[0],"2":[0],"3":[0]},"_coverageSchema":"1a1c01bbd47fc00a2c39e90264f33305004495a9","hash":"73390b30ca7625bacb0631db18640f9ff11cf5d3"}
,"D:\\ecotrack-db-SAH\\backend\\src\\middlewares\\auth.middleware.js": {"path":"D:\\ecotrack-db-SAH\\backend\\src\\middlewares\\auth.middleware.js","statementMap":{"0":{"start":{"line":1,"column":17},"end":{"line":1,"column":46}},"1":{"start":{"line":3,"column":0},"end":{"line":30,"column":2}},"2":{"start":{"line":4,"column":2},"end":{"line":29,"column":3}},"3":{"start":{"line":5,"column":23},"end":{"line":5,"column":48}},"4":{"start":{"line":7,"column":4},"end":{"line":9,"column":5}},"5":{"start":{"line":8,"column":6},"end":{"line":8,"column":63}},"6":{"start":{"line":11,"column":18},"end":{"line":11,"column":42}},"7":{"start":{"line":14,"column":28},"end":{"line":14,"column":62}},"8":{"start":{"line":15,"column":4},"end":{"line":17,"column":5}},"9":{"start":{"line":16,"column":6},"end":{"line":16,"column":63}},"10":{"start":{"line":20,"column":4},"end":{"line":23,"column":6}},"11":{"start":{"line":25,"column":4},"end":{"line":25,"column":11}},"12":{"start":{"line":27,"column":4},"end":{"line":27,"column":49}},"13":{"start":{"line":28,"column":4},"end":{"line":28,"column":64}}},"fnMap":{"0":{"name":"(anonymous_0)","decl":{"start":{"line":3,"column":17},"end":{"line":3,"column":18}},"loc":{"start":{"line":3,"column":43},"end":{"line":30,"column":1}},"line":3}},"branchMap":{"0":{"loc":{"start":{"line":7,"column":4},"end":{"line":9,"column":5}},"type":"if","locations":[{"start":{"line":7,"column":4},"end":{"line":9,"column":5}},{"start":{},"end":{}}],"line":7},"1":{"loc":{"start":{"line":7,"column":8},"end":{"line":7,"column":56}},"type":"binary-expr","locations":[{"start":{"line":7,"column":8},"end":{"line":7,"column":19}},{"start":{"line":7,"column":23},"end":{"line":7,"column":56}}],"line":7},"2":{"loc":{"start":{"line":15,"column":4},"end":{"line":17,"column":5}},"type":"if","locations":[{"start":{"line":15,"column":4},"end":{"line":17,"column":5}},{"start":{},"end":{}}],"line":15},"3":{"loc":{"start":{"line":15,"column":8},"end":{"line":15,"column":28}},"type":"binary-expr","locations":[{"start":{"line":15,"column":8},"end":{"line":15,"column":13}},{"start":{"line":15,"column":17},"end":{"line":15,"column":28}}],"line":15}},"s":{"0":1,"1":1,"2":3,"3":3,"4":3,"5":2,"6":1,"7":1,"8":1,"9":1,"10":0,"11":0,"12":0,"13":0},"f":{"0":3},"b":{"0":[2,1],"1":[3,1],"2":[1,0],"3":[1,0]},"_coverageSchema":"1a1c01bbd47fc00a2c39e90264f33305004495a9","hash":"34a64389c945163ff8a651d2ef101b353e708892"}
,"D:\\ecotrack-db-SAH\\backend\\src\\middlewares\\cache.middleware.js": {"path":"D:\\ecotrack-db-SAH\\backend\\src\\middlewares\\cache.middleware.js","statementMap":{"0":{"start":{"line":3,"column":14},"end":{"line":3,"column":40}},"1":{"start":{"line":6,"column":14},"end":{"line":38,"column":1}},"2":{"start":{"line":7,"column":2},"end":{"line":37,"column":4}},"3":{"start":{"line":8,"column":16},"end":{"line":8,"column":42}},"4":{"start":{"line":10,"column":4},"end":{"line":36,"column":5}},"5":{"start":{"line":12,"column":21},"end":{"line":12,"column":41}},"6":{"start":{"line":14,"column":6},"end":{"line":18,"column":7}},"7":{"start":{"line":16,"column":8},"end":{"line":16,"column":47}},"8":{"start":{"line":17,"column":8},"end":{"line":17,"column":56}},"9":{"start":{"line":22,"column":6},"end":{"line":22,"column":46}},"10":{"start":{"line":23,"column":27},"end":{"line":23,"column":45}},"11":{"start":{"line":25,"column":6},"end":{"line":29,"column":8}},"12":{"start":{"line":27,"column":8},"end":{"line":27,"column":58}},"13":{"start":{"line":28,"column":8},"end":{"line":28,"column":34}},"14":{"start":{"line":31,"column":6},"end":{"line":31,"column":13}},"15":{"start":{"line":34,"column":6},"end":{"line":34,"column":58}},"16":{"start":{"line":35,"column":6},"end":{"line":35,"column":13}},"17":{"start":{"line":41,"column":24},"end":{"line":51,"column":1}},"18":{"start":{"line":42,"column":2},"end":{"line":50,"column":3}},"19":{"start":{"line":43,"column":17},"end":{"line":43,"column":54}},"20":{"start":{"line":44,"column":4},"end":{"line":47,"column":5}},"21":{"start":{"line":45,"column":6},"end":{"line":45,"column":31}},"22":{"start":{"line":46,"column":6},"end":{"line":46,"column":75}},"23":{"start":{"line":49,"column":4},"end":{"line":49,"column":63}},"24":{"start":{"line":53,"column":0},"end":{"line":53,"column":44}}},"fnMap":{"0":{"name":"(anonymous_0)","decl":{"start":{"line":6,"column":14},"end":{"line":6,"column":15}},"loc":{"start":{"line":6,"column":30},"end":{"line":38,"column":1}},"line":6},"1":{"name":"(anonymous_1)","decl":{"start":{"line":7,"column":9},"end":{"line":7,"column":10}},"loc":{"start":{"line":7,"column":35},"end":{"line":37,"column":3}},"line":7},"2":{"name":"(anonymous_2)","decl":{"start":{"line":25,"column":17},"end":{"line":25,"column":18}},"loc":{"start":{"line":25,"column":33},"end":{"line":29,"column":7}},"line":25},"3":{"name":"(anonymous_3)","decl":{"start":{"line":41,"column":24},"end":{"line":41,"column":25}},"loc":{"start":{"line":41,"column":43},"end":{"line":51,"column":1}},"line":41}},"branchMap":{"0":{"loc":{"start":{"line":6,"column":15},"end":{"line":6,"column":25}},"type":"default-arg","locations":[{"start":{"line":6,"column":21},"end":{"line":6,"column":25}}],"line":6},"1":{"loc":{"start":{"line":14,"column":6},"end":{"line":18,"column":7}},"type":"if","locations":[{"start":{"line":14,"column":6},"end":{"line":18,"column":7}},{"start":{},"end":{}}],"line":14},"2":{"loc":{"start":{"line":44,"column":4},"end":{"line":47,"column":5}},"type":"if","locations":[{"start":{"line":44,"column":4},"end":{"line":47,"column":5}},{"start":{},"end":{}}],"line":44}},"s":{"0":1,"1":1,"2":2,"3":2,"4":2,"5":2,"6":2,"7":1,"8":1,"9":1,"10":1,"11":1,"12":1,"13":1,"14":1,"15":0,"16":0,"17":1,"18":0,"19":0,"20":0,"21":0,"22":0,"23":0,"24":1},"f":{"0":2,"1":2,"2":1,"3":0},"b":{"0":[0],"1":[1,1],"2":[0,0]},"_coverageSchema":"1a1c01bbd47fc00a2c39e90264f33305004495a9","hash":"bb06219699ee1d2f7cc57d21ffd3a95321ca9741"}
,"D:\\ecotrack-db-SAH\\backend\\src\\middlewares\\rateLimit.middleware.js": {"path":"D:\\ecotrack-db-SAH\\backend\\src\\middlewares\\rateLimit.middleware.js","statementMap":{"0":{"start":{"line":3,"column":18},"end":{"line":3,"column":47}},"1":{"start":{"line":7,"column":20},"end":{"line":16,"column":2}},"2":{"start":{"line":20,"column":23},"end":{"line":29,"column":2}},"3":{"start":{"line":33,"column":27},"end":{"line":42,"column":2}},"4":{"start":{"line":44,"column":0},"end":{"line":44,"column":69}}},"fnMap":{},"branchMap":{},"s":{"0":1,"1":1,"2":1,"3":1,"4":1},"f":{},"b":{},"_coverageSchema":"1a1c01bbd47fc00a2c39e90264f33305004495a9","hash":"a03ce9a55906732d6864a25e301d80766dabbc5c"}
,"D:\\ecotrack-db-SAH\\backend\\src\\middlewares\\roles.middleware.js": {"path":"D:\\ecotrack-db-SAH\\backend\\src\\middlewares\\roles.middleware.js","statementMap":{"0":{"start":{"line":1,"column":17},"end":{"line":1,"column":46}},"1":{"start":{"line":11,"column":0},"end":{"line":49,"column":2}},"2":{"start":{"line":12,"column":2},"end":{"line":48,"column":4}},"3":{"start":{"line":13,"column":4},"end":{"line":47,"column":5}},"4":{"start":{"line":15,"column":6},"end":{"line":17,"column":7}},"5":{"start":{"line":16,"column":8},"end":{"line":16,"column":78}},"6":{"start":{"line":20,"column":30},"end":{"line":23,"column":35}},"7":{"start":{"line":25,"column":6},"end":{"line":25,"column":29}},"8":{"start":{"line":25,"column":17},"end":{"line":25,"column":29}},"9":{"start":{"line":28,"column":20},"end":{"line":28,"column":45}},"10":{"start":{"line":28,"column":34},"end":{"line":28,"column":44}},"11":{"start":{"line":31,"column":6},"end":{"line":37,"column":7}},"12":{"start":{"line":32,"column":8},"end":{"line":36,"column":11}},"13":{"start":{"line":40,"column":6},"end":{"line":40,"column":13}},"14":{"start":{"line":43,"column":6},"end":{"line":43,"column":63}},"15":{"start":{"line":44,"column":6},"end":{"line":46,"column":9}}},"fnMap":{"0":{"name":"(anonymous_0)","decl":{"start":{"line":11,"column":17},"end":{"line":11,"column":18}},"loc":{"start":{"line":11,"column":35},"end":{"line":49,"column":1}},"line":11},"1":{"name":"(anonymous_1)","decl":{"start":{"line":12,"column":9},"end":{"line":12,"column":10}},"loc":{"start":{"line":12,"column":35},"end":{"line":48,"column":3}},"line":12},"2":{"name":"(anonymous_2)","decl":{"start":{"line":28,"column":29},"end":{"line":28,"column":30}},"loc":{"start":{"line":28,"column":34},"end":{"line":28,"column":44}},"line":28}},"branchMap":{"0":{"loc":{"start":{"line":15,"column":6},"end":{"line":17,"column":7}},"type":"if","locations":[{"start":{"line":15,"column":6},"end":{"line":17,"column":7}},{"start":{},"end":{}}],"line":15},"1":{"loc":{"start":{"line":25,"column":6},"end":{"line":25,"column":29}},"type":"if","locations":[{"start":{"line":25,"column":6},"end":{"line":25,"column":29}},{"start":{},"end":{}}],"line":25},"2":{"loc":{"start":{"line":31,"column":6},"end":{"line":37,"column":7}},"type":"if","locations":[{"start":{"line":31,"column":6},"end":{"line":37,"column":7}},{"start":{},"end":{}}],"line":31}},"s":{"0":1,"1":1,"2":4,"3":0,"4":0,"5":0,"6":0,"7":0,"8":0,"9":0,"10":0,"11":0,"12":0,"13":0,"14":0,"15":0},"f":{"0":4,"1":0,"2":0},"b":{"0":[0,0],"1":[0,0],"2":[0,0]},"_coverageSchema":"1a1c01bbd47fc00a2c39e90264f33305004495a9","hash":"c9abb215bc5248d4229788973b411af63625161e"}
,"D:\\ecotrack-db-SAH\\backend\\src\\middlewares\\validate.middleware.js": {"path":"D:\\ecotrack-db-SAH\\backend\\src\\middlewares\\validate.middleware.js","statementMap":{"0":{"start":{"line":5,"column":17},"end":{"line":27,"column":1}},"1":{"start":{"line":6,"column":2},"end":{"line":26,"column":4}},"2":{"start":{"line":8,"column":29},"end":{"line":11,"column":6}},"3":{"start":{"line":13,"column":4},"end":{"line":21,"column":5}},"4":{"start":{"line":15,"column":21},"end":{"line":15,"column":64}},"5":{"start":{"line":15,"column":49},"end":{"line":15,"column":63}},"6":{"start":{"line":16,"column":6},"end":{"line":20,"column":9}},"7":{"start":{"line":24,"column":4},"end":{"line":24,"column":21}},"8":{"start":{"line":25,"column":4},"end":{"line":25,"column":11}},"9":{"start":{"line":29,"column":0},"end":{"line":29,"column":26}}},"fnMap":{"0":{"name":"(anonymous_0)","decl":{"start":{"line":5,"column":17},"end":{"line":5,"column":18}},"loc":{"start":{"line":5,"column":29},"end":{"line":27,"column":1}},"line":5},"1":{"name":"(anonymous_1)","decl":{"start":{"line":6,"column":9},"end":{"line":6,"column":10}},"loc":{"start":{"line":6,"column":29},"end":{"line":26,"column":3}},"line":6},"2":{"name":"(anonymous_2)","decl":{"start":{"line":15,"column":39},"end":{"line":15,"column":40}},"loc":{"start":{"line":15,"column":49},"end":{"line":15,"column":63}},"line":15}},"branchMap":{"0":{"loc":{"start":{"line":13,"column":4},"end":{"line":21,"column":5}},"type":"if","locations":[{"start":{"line":13,"column":4},"end":{"line":21,"column":5}},{"start":{},"end":{}}],"line":13}},"s":{"0":1,"1":2,"2":0,"3":0,"4":0,"5":0,"6":0,"7":0,"8":0,"9":1},"f":{"0":2,"1":0,"2":0},"b":{"0":[0,0]},"_coverageSchema":"1a1c01bbd47fc00a2c39e90264f33305004495a9","hash":"a1aa35cb338fa86ba9e1c7e2b45e25ce46e1b015"}
,"D:\\ecotrack-db-SAH\\backend\\src\\modules\\bins\\bins.controller.js": {"path":"D:\\ecotrack-db-SAH\\backend\\src\\modules\\bins\\bins.controller.js","statementMap":{"0":{"start":{"line":4,"column":20},"end":{"line":4,"column":45}},"1":{"start":{"line":7,"column":15},"end":{"line":19,"column":1}},"2":{"start":{"line":8,"column":2},"end":{"line":18,"column":3}},"3":{"start":{"line":9,"column":20},"end":{"line":13,"column":5}},"4":{"start":{"line":14,"column":17},"end":{"line":14,"column":54}},"5":{"start":{"line":15,"column":4},"end":{"line":15,"column":70}},"6":{"start":{"line":17,"column":4},"end":{"line":17,"column":14}},"7":{"start":{"line":22,"column":16},"end":{"line":29,"column":1}},"8":{"start":{"line":23,"column":2},"end":{"line":28,"column":3}},"9":{"start":{"line":24,"column":17},"end":{"line":24,"column":60}},"10":{"start":{"line":25,"column":4},"end":{"line":25,"column":50}},"11":{"start":{"line":27,"column":4},"end":{"line":27,"column":14}},"12":{"start":{"line":32,"column":15},"end":{"line":39,"column":1}},"13":{"start":{"line":33,"column":2},"end":{"line":38,"column":3}},"14":{"start":{"line":34,"column":17},"end":{"line":34,"column":54}},"15":{"start":{"line":35,"column":4},"end":{"line":35,"column":50}},"16":{"start":{"line":37,"column":4},"end":{"line":37,"column":14}},"17":{"start":{"line":42,"column":15},"end":{"line":49,"column":1}},"18":{"start":{"line":43,"column":2},"end":{"line":48,"column":3}},"19":{"start":{"line":44,"column":17},"end":{"line":44,"column":69}},"20":{"start":{"line":45,"column":4},"end":{"line":45,"column":50}},"21":{"start":{"line":47,"column":4},"end":{"line":47,"column":14}},"22":{"start":{"line":52,"column":15},"end":{"line":59,"column":1}},"23":{"start":{"line":53,"column":2},"end":{"line":58,"column":3}},"24":{"start":{"line":54,"column":19},"end":{"line":54,"column":61}},"25":{"start":{"line":55,"column":4},"end":{"line":55,"column":55}},"26":{"start":{"line":57,"column":4},"end":{"line":57,"column":14}},"27":{"start":{"line":61,"column":0},"end":{"line":61,"column":61}}},"fnMap":{"0":{"name":"(anonymous_0)","decl":{"start":{"line":7,"column":15},"end":{"line":7,"column":16}},"loc":{"start":{"line":7,"column":41},"end":{"line":19,"column":1}},"line":7},"1":{"name":"(anonymous_1)","decl":{"start":{"line":22,"column":16},"end":{"line":22,"column":17}},"loc":{"start":{"line":22,"column":42},"end":{"line":29,"column":1}},"line":22},"2":{"name":"(anonymous_2)","decl":{"start":{"line":32,"column":15},"end":{"line":32,"column":16}},"loc":{"start":{"line":32,"column":41},"end":{"line":39,"column":1}},"line":32},"3":{"name":"(anonymous_3)","decl":{"start":{"line":42,"column":15},"end":{"line":42,"column":16}},"loc":{"start":{"line":42,"column":41},"end":{"line":49,"column":1}},"line":42},"4":{"name":"(anonymous_4)","decl":{"start":{"line":52,"column":15},"end":{"line":52,"column":16}},"loc":{"start":{"line":52,"column":41},"end":{"line":59,"column":1}},"line":52}},"branchMap":{},"s":{"0":1,"1":1,"2":1,"3":1,"4":1,"5":1,"6":0,"7":1,"8":0,"9":0,"10":0,"11":0,"12":1,"13":0,"14":0,"15":0,"16":0,"17":1,"18":0,"19":0,"20":0,"21":0,"22":1,"23":0,"24":0,"25":0,"26":0,"27":1},"f":{"0":1,"1":0,"2":0,"3":0,"4":0},"b":{},"_coverageSchema":"1a1c01bbd47fc00a2c39e90264f33305004495a9","hash":"634b46a7ae16accec7e1cac9d6075ebc15f940ed"}
,"D:\\ecotrack-db-SAH\\backend\\src\\modules\\bins\\bins.repository.js": {"path":"D:\\ecotrack-db-SAH\\backend\\src\\modules\\bins\\bins.repository.js","statementMap":{"0":{"start":{"line":5,"column":17},"end":{"line":5,"column":49}},"1":{"start":{"line":8,"column":16},"end":{"line":35,"column":1}},"2":{"start":{"line":9,"column":14},"end":{"line":15,"column":6}},"3":{"start":{"line":18,"column":2},"end":{"line":20,"column":3}},"4":{"start":{"line":19,"column":4},"end":{"line":19,"column":49}},"5":{"start":{"line":23,"column":2},"end":{"line":25,"column":3}},"6":{"start":{"line":24,"column":4},"end":{"line":24,"column":43}},"7":{"start":{"line":28,"column":2},"end":{"line":30,"column":3}},"8":{"start":{"line":29,"column":4},"end":{"line":29,"column":65}},"9":{"start":{"line":32,"column":26},"end":{"line":32,"column":37}},"10":{"start":{"line":33,"column":2},"end":{"line":33,"column":25}},"11":{"start":{"line":33,"column":13},"end":{"line":33,"column":25}},"12":{"start":{"line":34,"column":2},"end":{"line":34,"column":14}},"13":{"start":{"line":38,"column":17},"end":{"line":51,"column":1}},"14":{"start":{"line":39,"column":26},"end":{"line":47,"column":13}},"15":{"start":{"line":49,"column":2},"end":{"line":49,"column":25}},"16":{"start":{"line":49,"column":13},"end":{"line":49,"column":25}},"17":{"start":{"line":50,"column":2},"end":{"line":50,"column":14}},"18":{"start":{"line":54,"column":15},"end":{"line":63,"column":1}},"19":{"start":{"line":55,"column":26},"end":{"line":59,"column":13}},"20":{"start":{"line":61,"column":2},"end":{"line":61,"column":25}},"21":{"start":{"line":61,"column":13},"end":{"line":61,"column":25}},"22":{"start":{"line":62,"column":2},"end":{"line":62,"column":14}},"23":{"start":{"line":66,"column":15},"end":{"line":79,"column":1}},"24":{"start":{"line":67,"column":26},"end":{"line":75,"column":13}},"25":{"start":{"line":77,"column":2},"end":{"line":77,"column":25}},"26":{"start":{"line":77,"column":13},"end":{"line":77,"column":25}},"27":{"start":{"line":78,"column":2},"end":{"line":78,"column":14}},"28":{"start":{"line":82,"column":15},"end":{"line":90,"column":1}},"29":{"start":{"line":83,"column":20},"end":{"line":86,"column":27}},"30":{"start":{"line":88,"column":2},"end":{"line":88,"column":25}},"31":{"start":{"line":88,"column":13},"end":{"line":88,"column":25}},"32":{"start":{"line":89,"column":2},"end":{"line":89,"column":14}},"33":{"start":{"line":92,"column":0},"end":{"line":92,"column":63}}},"fnMap":{"0":{"name":"(anonymous_0)","decl":{"start":{"line":8,"column":16},"end":{"line":8,"column":17}},"loc":{"start":{"line":8,"column":40},"end":{"line":35,"column":1}},"line":8},"1":{"name":"(anonymous_1)","decl":{"start":{"line":38,"column":17},"end":{"line":38,"column":18}},"loc":{"start":{"line":38,"column":31},"end":{"line":51,"column":1}},"line":38},"2":{"name":"(anonymous_2)","decl":{"start":{"line":54,"column":15},"end":{"line":54,"column":16}},"loc":{"start":{"line":54,"column":40},"end":{"line":63,"column":1}},"line":54},"3":{"name":"(anonymous_3)","decl":{"start":{"line":66,"column":15},"end":{"line":66,"column":16}},"loc":{"start":{"line":66,"column":44},"end":{"line":79,"column":1}},"line":66},"4":{"name":"(anonymous_4)","decl":{"start":{"line":82,"column":15},"end":{"line":82,"column":16}},"loc":{"start":{"line":82,"column":29},"end":{"line":90,"column":1}},"line":82}},"branchMap":{"0":{"loc":{"start":{"line":8,"column":23},"end":{"line":8,"column":35}},"type":"default-arg","locations":[{"start":{"line":8,"column":33},"end":{"line":8,"column":35}}],"line":8},"1":{"loc":{"start":{"line":18,"column":2},"end":{"line":20,"column":3}},"type":"if","locations":[{"start":{"line":18,"column":2},"end":{"line":20,"column":3}},{"start":{},"end":{}}],"line":18},"2":{"loc":{"start":{"line":23,"column":2},"end":{"line":25,"column":3}},"type":"if","locations":[{"start":{"line":23,"column":2},"end":{"line":25,"column":3}},{"start":{},"end":{}}],"line":23},"3":{"loc":{"start":{"line":28,"column":2},"end":{"line":30,"column":3}},"type":"if","locations":[{"start":{"line":28,"column":2},"end":{"line":30,"column":3}},{"start":{},"end":{}}],"line":28},"4":{"loc":{"start":{"line":33,"column":2},"end":{"line":33,"column":25}},"type":"if","locations":[{"start":{"line":33,"column":2},"end":{"line":33,"column":25}},{"start":{},"end":{}}],"line":33},"5":{"loc":{"start":{"line":49,"column":2},"end":{"line":49,"column":25}},"type":"if","locations":[{"start":{"line":49,"column":2},"end":{"line":49,"column":25}},{"start":{},"end":{}}],"line":49},"6":{"loc":{"start":{"line":61,"column":2},"end":{"line":61,"column":25}},"type":"if","locations":[{"start":{"line":61,"column":2},"end":{"line":61,"column":25}},{"start":{},"end":{}}],"line":61},"7":{"loc":{"start":{"line":77,"column":2},"end":{"line":77,"column":25}},"type":"if","locations":[{"start":{"line":77,"column":2},"end":{"line":77,"column":25}},{"start":{},"end":{}}],"line":77},"8":{"loc":{"start":{"line":88,"column":2},"end":{"line":88,"column":25}},"type":"if","locations":[{"start":{"line":88,"column":2},"end":{"line":88,"column":25}},{"start":{},"end":{}}],"line":88}},"s":{"0":2,"1":2,"2":1,"3":1,"4":0,"5":1,"6":0,"7":1,"8":0,"9":1,"10":1,"11":0,"12":1,"13":2,"14":0,"15":0,"16":0,"17":0,"18":2,"19":0,"20":0,"21":0,"22":0,"23":2,"24":0,"25":0,"26":0,"27":0,"28":2,"29":0,"30":0,"31":0,"32":0,"33":2},"f":{"0":1,"1":0,"2":0,"3":0,"4":0},"b":{"0":[0],"1":[0,1],"2":[0,1],"3":[0,1],"4":[0,1],"5":[0,0],"6":[0,0],"7":[0,0],"8":[0,0]},"_coverageSchema":"1a1c01bbd47fc00a2c39e90264f33305004495a9","hash":"4c35d68b67df3547f8220154766eb8f32a1abdbd"}
,"D:\\ecotrack-db-SAH\\backend\\src\\modules\\bins\\bins.routes.js": {"path":"D:\\ecotrack-db-SAH\\backend\\src\\modules\\bins\\bins.routes.js","statementMap":{"0":{"start":{"line":2,"column":16},"end":{"line":2,"column":34}},"1":{"start":{"line":3,"column":15},"end":{"line":3,"column":31}},"2":{"start":{"line":4,"column":23},"end":{"line":4,"column":51}},"3":{"start":{"line":5,"column":23},"end":{"line":5,"column":67}},"4":{"start":{"line":6,"column":24},"end":{"line":6,"column":69}},"5":{"start":{"line":7,"column":17},"end":{"line":7,"column":65}},"6":{"start":{"line":8,"column":45},"end":{"line":8,"column":73}},"7":{"start":{"line":9,"column":18},"end":{"line":9,"column":63}},"8":{"start":{"line":12,"column":0},"end":{"line":12,"column":52}},"9":{"start":{"line":13,"column":0},"end":{"line":13,"column":56}},"10":{"start":{"line":16,"column":0},"end":{"line":21,"column":2}},"11":{"start":{"line":24,"column":0},"end":{"line":29,"column":2}},"12":{"start":{"line":32,"column":0},"end":{"line":36,"column":2}},"13":{"start":{"line":38,"column":0},"end":{"line":38,"column":24}}},"fnMap":{},"branchMap":{},"s":{"0":1,"1":1,"2":1,"3":1,"4":1,"5":1,"6":1,"7":1,"8":1,"9":1,"10":1,"11":1,"12":1,"13":1},"f":{},"b":{},"_coverageSchema":"1a1c01bbd47fc00a2c39e90264f33305004495a9","hash":"f8009cc57e3a7bf76c911b5fb5dcc590a73f3ef1"}
,"D:\\ecotrack-db-SAH\\backend\\src\\modules\\bins\\bins.service.js": {"path":"D:\\ecotrack-db-SAH\\backend\\src\\modules\\bins\\bins.service.js","statementMap":{"0":{"start":{"line":5,"column":23},"end":{"line":5,"column":51}},"1":{"start":{"line":6,"column":43},"end":{"line":6,"column":75}},"2":{"start":{"line":9,"column":19},"end":{"line":12,"column":1}},"3":{"start":{"line":10,"column":21},"end":{"line":10,"column":58}},"4":{"start":{"line":11,"column":2},"end":{"line":11,"column":20}},"5":{"start":{"line":15,"column":19},"end":{"line":23,"column":1}},"6":{"start":{"line":16,"column":20},"end":{"line":16,"column":53}},"7":{"start":{"line":18,"column":2},"end":{"line":20,"column":3}},"8":{"start":{"line":19,"column":4},"end":{"line":19,"column":69}},"9":{"start":{"line":22,"column":2},"end":{"line":22,"column":19}},"10":{"start":{"line":26,"column":18},"end":{"line":52,"column":1}},"11":{"start":{"line":28,"column":2},"end":{"line":30,"column":3}},"12":{"start":{"line":29,"column":4},"end":{"line":29,"column":68}},"13":{"start":{"line":31,"column":2},"end":{"line":33,"column":3}},"14":{"start":{"line":32,"column":4},"end":{"line":32,"column":74}},"15":{"start":{"line":34,"column":2},"end":{"line":36,"column":3}},"16":{"start":{"line":35,"column":4},"end":{"line":35,"column":66}},"17":{"start":{"line":39,"column":2},"end":{"line":41,"column":3}},"18":{"start":{"line":40,"column":4},"end":{"line":40,"column":71}},"19":{"start":{"line":42,"column":2},"end":{"line":44,"column":3}},"20":{"start":{"line":43,"column":4},"end":{"line":43,"column":74}},"21":{"start":{"line":47,"column":2},"end":{"line":49,"column":3}},"22":{"start":{"line":48,"column":4},"end":{"line":48,"column":73}},"23":{"start":{"line":51,"column":2},"end":{"line":51,"column":43}},"24":{"start":{"line":55,"column":18},"end":{"line":58,"column":1}},"25":{"start":{"line":56,"column":2},"end":{"line":56,"column":23}},"26":{"start":{"line":57,"column":2},"end":{"line":57,"column":47}},"27":{"start":{"line":61,"column":18},"end":{"line":65,"column":1}},"28":{"start":{"line":62,"column":2},"end":{"line":62,"column":23}},"29":{"start":{"line":63,"column":2},"end":{"line":63,"column":34}},"30":{"start":{"line":64,"column":2},"end":{"line":64,"column":61}},"31":{"start":{"line":67,"column":0},"end":{"line":73,"column":2}}},"fnMap":{"0":{"name":"(anonymous_0)","decl":{"start":{"line":9,"column":19},"end":{"line":9,"column":20}},"loc":{"start":{"line":9,"column":43},"end":{"line":12,"column":1}},"line":9},"1":{"name":"(anonymous_1)","decl":{"start":{"line":15,"column":19},"end":{"line":15,"column":20}},"loc":{"start":{"line":15,"column":33},"end":{"line":23,"column":1}},"line":15},"2":{"name":"(anonymous_2)","decl":{"start":{"line":26,"column":18},"end":{"line":26,"column":19}},"loc":{"start":{"line":26,"column":34},"end":{"line":52,"column":1}},"line":26},"3":{"name":"(anonymous_3)","decl":{"start":{"line":55,"column":18},"end":{"line":55,"column":19}},"loc":{"start":{"line":55,"column":38},"end":{"line":58,"column":1}},"line":55},"4":{"name":"(anonymous_4)","decl":{"start":{"line":61,"column":18},"end":{"line":61,"column":19}},"loc":{"start":{"line":61,"column":32},"end":{"line":65,"column":1}},"line":61}},"branchMap":{"0":{"loc":{"start":{"line":9,"column":26},"end":{"line":9,"column":38}},"type":"default-arg","locations":[{"start":{"line":9,"column":36},"end":{"line":9,"column":38}}],"line":9},"1":{"loc":{"start":{"line":18,"column":2},"end":{"line":20,"column":3}},"type":"if","locations":[{"start":{"line":18,"column":2},"end":{"line":20,"column":3}},{"start":{},"end":{}}],"line":18},"2":{"loc":{"start":{"line":28,"column":2},"end":{"line":30,"column":3}},"type":"if","locations":[{"start":{"line":28,"column":2},"end":{"line":30,"column":3}},{"start":{},"end":{}}],"line":28},"3":{"loc":{"start":{"line":31,"column":2},"end":{"line":33,"column":3}},"type":"if","locations":[{"start":{"line":31,"column":2},"end":{"line":33,"column":3}},{"start":{},"end":{}}],"line":31},"4":{"loc":{"start":{"line":34,"column":2},"end":{"line":36,"column":3}},"type":"if","locations":[{"start":{"line":34,"column":2},"end":{"line":36,"column":3}},{"start":{},"end":{}}],"line":34},"5":{"loc":{"start":{"line":39,"column":2},"end":{"line":41,"column":3}},"type":"if","locations":[{"start":{"line":39,"column":2},"end":{"line":41,"column":3}},{"start":{},"end":{}}],"line":39},"6":{"loc":{"start":{"line":39,"column":6},"end":{"line":39,"column":66}},"type":"binary-expr","locations":[{"start":{"line":39,"column":6},"end":{"line":39,"column":19}},{"start":{"line":39,"column":24},"end":{"line":39,"column":43}},{"start":{"line":39,"column":47},"end":{"line":39,"column":65}}],"line":39},"7":{"loc":{"start":{"line":42,"column":2},"end":{"line":44,"column":3}},"type":"if","locations":[{"start":{"line":42,"column":2},"end":{"line":44,"column":3}},{"start":{},"end":{}}],"line":42},"8":{"loc":{"start":{"line":42,"column":6},"end":{"line":42,"column":71}},"type":"binary-expr","locations":[{"start":{"line":42,"column":6},"end":{"line":42,"column":20}},{"start":{"line":42,"column":25},"end":{"line":42,"column":46}},{"start":{"line":42,"column":50},"end":{"line":42,"column":70}}],"line":42},"9":{"loc":{"start":{"line":47,"column":2},"end":{"line":49,"column":3}},"type":"if","locations":[{"start":{"line":47,"column":2},"end":{"line":49,"column":3}},{"start":{},"end":{}}],"line":47},"10":{"loc":{"start":{"line":47,"column":6},"end":{"line":47,"column":55}},"type":"binary-expr","locations":[{"start":{"line":47,"column":6},"end":{"line":47,"column":26}},{"start":{"line":47,"column":30},"end":{"line":47,"column":55}}],"line":47}},"s":{"0":2,"1":2,"2":2,"3":4,"4":4,"5":2,"6":4,"7":4,"8":2,"9":2,"10":2,"11":5,"12":1,"13":4,"14":0,"15":4,"16":0,"17":4,"18":1,"19":3,"20":1,"21":2,"22":1,"23":1,"24":2,"25":0,"26":0,"27":2,"28":2,"29":1,"30":1,"31":2},"f":{"0":4,"1":4,"2":5,"3":0,"4":2},"b":{"0":[2],"1":[2,2],"2":[1,4],"3":[0,4],"4":[0,4],"5":[1,3],"6":[4,4,4],"7":[1,2],"8":[3,3,3],"9":[1,1],"10":[2,2]},"_coverageSchema":"1a1c01bbd47fc00a2c39e90264f33305004495a9","hash":"fe6c785e881542d4fdedfd6454deeba439b0d78f"}
,"D:\\ecotrack-db-SAH\\backend\\src\\modules\\bins\\bins.validation.js": {"path":"D:\\ecotrack-db-SAH\\backend\\src\\modules\\bins\\bins.validation.js","statementMap":{"0":{"start":{"line":4,"column":12},"end":{"line":4,"column":26}},"1":{"start":{"line":7,"column":24},"end":{"line":75,"column":2}},"2":{"start":{"line":79,"column":24},"end":{"line":88,"column":2}},"3":{"start":{"line":90,"column":0},"end":{"line":90,"column":54}}},"fnMap":{},"branchMap":{},"s":{"0":1,"1":1,"2":1,"3":1},"f":{},"b":{},"_coverageSchema":"1a1c01bbd47fc00a2c39e90264f33305004495a9","hash":"39935db65bf39fa1356e1966376fc2830cf32558"}
,"D:\\ecotrack-db-SAH\\backend\\src\\modules\\stats\\health.routes.js": {"path":"D:\\ecotrack-db-SAH\\backend\\src\\modules\\stats\\health.routes.js","statementMap":{"0":{"start":{"line":4,"column":16},"end":{"line":4,"column":34}},"1":{"start":{"line":5,"column":15},"end":{"line":5,"column":31}},"2":{"start":{"line":6,"column":17},"end":{"line":6,"column":49}},"3":{"start":{"line":7,"column":14},"end":{"line":7,"column":43}},"4":{"start":{"line":10,"column":0},"end":{"line":16,"column":3}},"5":{"start":{"line":11,"column":2},"end":{"line":15,"column":5}},"6":{"start":{"line":19,"column":0},"end":{"line":36,"column":3}},"7":{"start":{"line":20,"column":2},"end":{"line":35,"column":3}},"8":{"start":{"line":22,"column":22},"end":{"line":22,"column":86}},"9":{"start":{"line":23,"column":4},"end":{"line":23,"column":27}},"10":{"start":{"line":23,"column":15},"end":{"line":23,"column":27}},"11":{"start":{"line":25,"column":4},"end":{"line":28,"column":7}},"12":{"start":{"line":30,"column":4},"end":{"line":34,"column":7}},"13":{"start":{"line":39,"column":0},"end":{"line":55,"column":3}},"14":{"start":{"line":40,"column":2},"end":{"line":54,"column":3}},"15":{"start":{"line":41,"column":19},"end":{"line":41,"column":37}},"16":{"start":{"line":42,"column":4},"end":{"line":42,"column":66}},"17":{"start":{"line":42,"column":27},"end":{"line":42,"column":66}},"18":{"start":{"line":44,"column":4},"end":{"line":47,"column":7}},"19":{"start":{"line":49,"column":4},"end":{"line":53,"column":7}},"20":{"start":{"line":57,"column":0},"end":{"line":57,"column":24}}},"fnMap":{"0":{"name":"(anonymous_0)","decl":{"start":{"line":10,"column":16},"end":{"line":10,"column":17}},"loc":{"start":{"line":10,"column":30},"end":{"line":16,"column":1}},"line":10},"1":{"name":"(anonymous_1)","decl":{"start":{"line":19,"column":18},"end":{"line":19,"column":19}},"loc":{"start":{"line":19,"column":38},"end":{"line":36,"column":1}},"line":19},"2":{"name":"(anonymous_2)","decl":{"start":{"line":39,"column":21},"end":{"line":39,"column":22}},"loc":{"start":{"line":39,"column":41},"end":{"line":55,"column":1}},"line":39}},"branchMap":{"0":{"loc":{"start":{"line":23,"column":4},"end":{"line":23,"column":27}},"type":"if","locations":[{"start":{"line":23,"column":4},"end":{"line":23,"column":27}},{"start":{},"end":{}}],"line":23},"1":{"loc":{"start":{"line":42,"column":4},"end":{"line":42,"column":66}},"type":"if","locations":[{"start":{"line":42,"column":4},"end":{"line":42,"column":66}},{"start":{},"end":{}}],"line":42}},"s":{"0":1,"1":1,"2":1,"3":1,"4":1,"5":1,"6":1,"7":0,"8":0,"9":0,"10":0,"11":0,"12":0,"13":1,"14":0,"15":0,"16":0,"17":0,"18":0,"19":0,"20":1},"f":{"0":1,"1":0,"2":0},"b":{"0":[0,0],"1":[0,0]},"_coverageSchema":"1a1c01bbd47fc00a2c39e90264f33305004495a9","hash":"67f221fbb78ca9e421df5c31baf1effdca92dc05"}
,"D:\\ecotrack-db-SAH\\backend\\src\\modules\\users\\auth.controller.js": {"path":"D:\\ecotrack-db-SAH\\backend\\src\\modules\\users\\auth.controller.js","statementMap":{"0":{"start":{"line":2,"column":17},"end":{"line":2,"column":49}},"1":{"start":{"line":8,"column":0},"end":{"line":87,"column":2}},"2":{"start":{"line":9,"column":43},"end":{"line":9,"column":51}},"3":{"start":{"line":11,"column":2},"end":{"line":11,"column":52}},"4":{"start":{"line":13,"column":2},"end":{"line":86,"column":3}},"5":{"start":{"line":15,"column":49},"end":{"line":24,"column":6}},"6":{"start":{"line":26,"column":4},"end":{"line":29,"column":5}},"7":{"start":{"line":27,"column":6},"end":{"line":27,"column":66}},"8":{"start":{"line":28,"column":6},"end":{"line":28,"column":22}},"9":{"start":{"line":31,"column":4},"end":{"line":31,"column":65}},"10":{"start":{"line":31,"column":25},"end":{"line":31,"column":65}},"11":{"start":{"line":33,"column":4},"end":{"line":33,"column":64}},"12":{"start":{"line":36,"column":39},"end":{"line":45,"column":8}},"13":{"start":{"line":47,"column":4},"end":{"line":50,"column":5}},"14":{"start":{"line":48,"column":6},"end":{"line":48,"column":79}},"15":{"start":{"line":49,"column":6},"end":{"line":49,"column":28}},"16":{"start":{"line":52,"column":4},"end":{"line":52,"column":55}},"17":{"start":{"line":55,"column":52},"end":{"line":59,"column":15}},"18":{"start":{"line":61,"column":4},"end":{"line":76,"column":5}},"19":{"start":{"line":62,"column":6},"end":{"line":62,"column":88}},"20":{"start":{"line":64,"column":39},"end":{"line":69,"column":10}},"21":{"start":{"line":71,"column":6},"end":{"line":75,"column":7}},"22":{"start":{"line":72,"column":8},"end":{"line":72,"column":87}},"23":{"start":{"line":74,"column":8},"end":{"line":74,"column":69}},"24":{"start":{"line":78,"column":4},"end":{"line":82,"column":7}},"25":{"start":{"line":84,"column":4},"end":{"line":84,"column":61}},"26":{"start":{"line":85,"column":4},"end":{"line":85,"column":49}},"27":{"start":{"line":92,"column":0},"end":{"line":121,"column":2}},"28":{"start":{"line":93,"column":30},"end":{"line":93,"column":38}},"29":{"start":{"line":95,"column":2},"end":{"line":95,"column":49}},"30":{"start":{"line":97,"column":2},"end":{"line":120,"column":3}},"31":{"start":{"line":98,"column":28},"end":{"line":101,"column":6}},"32":{"start":{"line":103,"column":4},"end":{"line":106,"column":5}},"33":{"start":{"line":104,"column":6},"end":{"line":104,"column":54}},"34":{"start":{"line":105,"column":6},"end":{"line":105,"column":18}},"35":{"start":{"line":108,"column":4},"end":{"line":108,"column":75}},"36":{"start":{"line":110,"column":4},"end":{"line":117,"column":7}},"37":{"start":{"line":119,"column":4},"end":{"line":119,"column":63}},"38":{"start":{"line":126,"column":0},"end":{"line":150,"column":2}},"39":{"start":{"line":127,"column":27},"end":{"line":127,"column":35}},"40":{"start":{"line":130,"column":2},"end":{"line":132,"column":3}},"41":{"start":{"line":131,"column":4},"end":{"line":131,"column":68}},"42":{"start":{"line":134,"column":2},"end":{"line":149,"column":3}},"43":{"start":{"line":135,"column":28},"end":{"line":137,"column":6}},"44":{"start":{"line":139,"column":4},"end":{"line":139,"column":27}},"45":{"start":{"line":139,"column":15},"end":{"line":139,"column":27}},"46":{"start":{"line":142,"column":4},"end":{"line":145,"column":7}},"47":{"start":{"line":148,"column":4},"end":{"line":148,"column":54}}},"fnMap":{"0":{"name":"(anonymous_0)","decl":{"start":{"line":8,"column":19},"end":{"line":8,"column":20}},"loc":{"start":{"line":8,"column":39},"end":{"line":87,"column":1}},"line":8},"1":{"name":"(anonymous_1)","decl":{"start":{"line":92,"column":16},"end":{"line":92,"column":17}},"loc":{"start":{"line":92,"column":36},"end":{"line":121,"column":1}},"line":92},"2":{"name":"(anonymous_2)","decl":{"start":{"line":126,"column":18},"end":{"line":126,"column":19}},"loc":{"start":{"line":126,"column":38},"end":{"line":150,"column":1}},"line":126}},"branchMap":{"0":{"loc":{"start":{"line":20,"column":15},"end":{"line":20,"column":24}},"type":"binary-expr","locations":[{"start":{"line":20,"column":15},"end":{"line":20,"column":18}},{"start":{"line":20,"column":22},"end":{"line":20,"column":24}}],"line":20},"1":{"loc":{"start":{"line":21,"column":18},"end":{"line":21,"column":30}},"type":"binary-expr","locations":[{"start":{"line":21,"column":18},"end":{"line":21,"column":24}},{"start":{"line":21,"column":28},"end":{"line":21,"column":30}}],"line":21},"2":{"loc":{"start":{"line":26,"column":4},"end":{"line":29,"column":5}},"type":"if","locations":[{"start":{"line":26,"column":4},"end":{"line":29,"column":5}},{"start":{},"end":{}}],"line":26},"3":{"loc":{"start":{"line":31,"column":4},"end":{"line":31,"column":65}},"type":"if","locations":[{"start":{"line":31,"column":4},"end":{"line":31,"column":65}},{"start":{},"end":{}}],"line":31},"4":{"loc":{"start":{"line":41,"column":13},"end":{"line":41,"column":24}},"type":"binary-expr","locations":[{"start":{"line":41,"column":13},"end":{"line":41,"column":16}},{"start":{"line":41,"column":20},"end":{"line":41,"column":24}}],"line":41},"5":{"loc":{"start":{"line":42,"column":16},"end":{"line":42,"column":30}},"type":"binary-expr","locations":[{"start":{"line":42,"column":16},"end":{"line":42,"column":22}},{"start":{"line":42,"column":26},"end":{"line":42,"column":30}}],"line":42},"6":{"loc":{"start":{"line":47,"column":4},"end":{"line":50,"column":5}},"type":"if","locations":[{"start":{"line":47,"column":4},"end":{"line":50,"column":5}},{"start":{},"end":{}}],"line":47},"7":{"loc":{"start":{"line":61,"column":4},"end":{"line":76,"column":5}},"type":"if","locations":[{"start":{"line":61,"column":4},"end":{"line":76,"column":5}},{"start":{"line":63,"column":11},"end":{"line":76,"column":5}}],"line":61},"8":{"loc":{"start":{"line":61,"column":8},"end":{"line":61,"column":33}},"type":"binary-expr","locations":[{"start":{"line":61,"column":8},"end":{"line":61,"column":17}},{"start":{"line":61,"column":21},"end":{"line":61,"column":33}}],"line":61},"9":{"loc":{"start":{"line":71,"column":6},"end":{"line":75,"column":7}},"type":"if","locations":[{"start":{"line":71,"column":6},"end":{"line":75,"column":7}},{"start":{"line":73,"column":13},"end":{"line":75,"column":7}}],"line":71},"10":{"loc":{"start":{"line":103,"column":4},"end":{"line":106,"column":5}},"type":"if","locations":[{"start":{"line":103,"column":4},"end":{"line":106,"column":5}},{"start":{},"end":{}}],"line":103},"11":{"loc":{"start":{"line":130,"column":2},"end":{"line":132,"column":3}},"type":"if","locations":[{"start":{"line":130,"column":2},"end":{"line":132,"column":3}},{"start":{},"end":{}}],"line":130},"12":{"loc":{"start":{"line":139,"column":4},"end":{"line":139,"column":27}},"type":"if","locations":[{"start":{"line":139,"column":4},"end":{"line":139,"column":27}},{"start":{},"end":{}}],"line":139}},"s":{"0":1,"1":1,"2":0,"3":0,"4":0,"5":0,"6":0,"7":0,"8":0,"9":0,"10":0,"11":0,"12":0,"13":0,"14":0,"15":0,"16":0,"17":0,"18":0,"19":0,"20":0,"21":0,"22":0,"23":0,"24":0,"25":0,"26":0,"27":1,"28":0,"29":0,"30":0,"31":0,"32":0,"33":0,"34":0,"35":0,"36":0,"37":0,"38":1,"39":0,"40":0,"41":0,"42":0,"43":0,"44":0,"45":0,"46":0,"47":0},"f":{"0":0,"1":0,"2":0},"b":{"0":[0,0],"1":[0,0],"2":[0,0],"3":[0,0],"4":[0,0],"5":[0,0],"6":[0,0],"7":[0,0],"8":[0,0],"9":[0,0],"10":[0,0],"11":[0,0],"12":[0,0]},"_coverageSchema":"1a1c01bbd47fc00a2c39e90264f33305004495a9","hash":"7f42e7cb680dd3e050a30bb87a3995db3c0d1ed7"}
,"D:\\ecotrack-db-SAH\\backend\\src\\modules\\users\\users.model.js": {"path":"D:\\ecotrack-db-SAH\\backend\\src\\modules\\users\\users.model.js","statementMap":{},"fnMap":{},"branchMap":{},"s":{},"f":{},"b":{}}
,"D:\\ecotrack-db-SAH\\backend\\src\\modules\\users\\users.routes.js": {"path":"D:\\ecotrack-db-SAH\\backend\\src\\modules\\users\\users.routes.js","statementMap":{"0":{"start":{"line":59,"column":16},"end":{"line":59,"column":34}},"1":{"start":{"line":60,"column":15},"end":{"line":60,"column":31}},"2":{"start":{"line":62,"column":23},"end":{"line":62,"column":51}},"3":{"start":{"line":63,"column":23},"end":{"line":63,"column":67}},"4":{"start":{"line":64,"column":24},"end":{"line":64,"column":69}},"5":{"start":{"line":68,"column":0},"end":{"line":68,"column":50}},"6":{"start":{"line":69,"column":0},"end":{"line":69,"column":44}},"7":{"start":{"line":70,"column":0},"end":{"line":70,"column":48}},"8":{"start":{"line":73,"column":0},"end":{"line":78,"column":3}},"9":{"start":{"line":74,"column":2},"end":{"line":77,"column":5}},"10":{"start":{"line":80,"column":0},"end":{"line":91,"column":2}},"11":{"start":{"line":85,"column":4},"end":{"line":89,"column":7}},"12":{"start":{"line":93,"column":0},"end":{"line":93,"column":24}}},"fnMap":{"0":{"name":"(anonymous_0)","decl":{"start":{"line":73,"column":34},"end":{"line":73,"column":35}},"loc":{"start":{"line":73,"column":48},"end":{"line":78,"column":1}},"line":73},"1":{"name":"(anonymous_1)","decl":{"start":{"line":84,"column":2},"end":{"line":84,"column":3}},"loc":{"start":{"line":84,"column":16},"end":{"line":90,"column":3}},"line":84}},"branchMap":{},"s":{"0":1,"1":1,"2":1,"3":1,"4":1,"5":1,"6":1,"7":1,"8":1,"9":0,"10":1,"11":0,"12":1},"f":{"0":0,"1":0},"b":{},"_coverageSchema":"1a1c01bbd47fc00a2c39e90264f33305004495a9","hash":"f8f2463f0cb3946ec13a594286d635609e259a21"}
}
